[2018-06-28 00:44:09] general.INFO: / Generation time:0.03218412399292 [] []
[2018-06-28 00:44:09] general.INFO: Cache size:2.62kB Cache items read size:4 Cache write size:0B Memory consumed:2MB [] []
[2018-06-28 01:17:12] general.INFO: / Generation time:0.03606915473938 [] []
[2018-06-28 01:17:12] general.INFO: Cache size:168B Cache items read size:1 Cache write size:4.11kB Memory consumed:2MB [] []
[2018-06-28 05:32:14] general.INFO: / Generation time:0.026118040084839 [] []
[2018-06-28 05:32:14] general.INFO: Cache size:168B Cache items read size:1 Cache write size:4.11kB Memory consumed:2MB [] []
[2018-06-28 07:45:38] general.INFO: / Generation time:0.033457040786743 [] []
[2018-06-28 07:45:38] general.INFO: Cache size:168B Cache items read size:1 Cache write size:4.11kB Memory consumed:2MB [] []
[2018-06-28 09:41:22] general.INFO: /catalog/ Generation time:0.089935064315796 [] []
[2018-06-28 09:41:22] general.INFO: Cache size:101.73kB Cache items read size:23 Cache write size:153.58kB Memory consumed:4MB [] []
[2018-06-28 09:41:25] general.INFO: /catalog/120717 Generation time:0.024116992950439 [] []
[2018-06-28 09:41:25] general.INFO: Cache size:48.8kB Cache items read size:15 Cache write size:13.76kB Memory consumed:4MB [] []
[2018-06-28 09:41:28] general.INFO: /catalog/120717 Generation time:0.017849206924438 [] []
[2018-06-28 09:41:28] general.INFO: Cache size:53.2kB Cache items read size:17 Cache write size:4B Memory consumed:4MB [] []
[2018-06-28 09:41:40] general.INFO: /catalog/ Generation time:0.035063028335571 [] []
[2018-06-28 09:41:40] general.INFO: Cache size:134.64kB Cache items read size:33 Cache write size:0B Memory consumed:4MB [] []
[2018-06-28 09:42:29] general.INFO: /catalog/120717 Generation time:0.027331829071045 [] []
[2018-06-28 09:42:29] general.INFO: Cache size:53.2kB Cache items read size:17 Cache write size:4B Memory consumed:4MB [] []
[2018-06-28 09:43:28] general.INFO: /catalog/ Generation time:0.028464078903198 [] []
[2018-06-28 09:43:28] general.INFO: Cache size:134.64kB Cache items read size:33 Cache write size:0B Memory consumed:4MB [] []
[2018-06-28 09:43:28] general.INFO: /catalog/ Generation time:0.018870830535889 [] []
[2018-06-28 09:43:28] general.INFO: Cache size:134.64kB Cache items read size:33 Cache write size:0B Memory consumed:4MB [] []
[2018-06-28 09:49:50] general.INFO: /catalog/ Generation time:0.040854930877686 [] []
[2018-06-28 09:49:50] general.INFO: Cache size:134.64kB Cache items read size:33 Cache write size:0B Memory consumed:4MB [] []
[2018-06-28 09:49:52] general.INFO: /catalog/ Generation time:0.026698112487793 [] []
[2018-06-28 09:49:52] general.INFO: Cache size:134.64kB Cache items read size:33 Cache write size:0B Memory consumed:4MB [] []
[2018-06-28 09:49:55] general.INFO: /catalog/120717 Generation time:0.016294002532959 [] []
[2018-06-28 09:49:55] general.INFO: Cache size:53.2kB Cache items read size:17 Cache write size:4B Memory consumed:4MB [] []
[2018-06-28 10:35:39] general.INFO: /catalog/ Generation time:0.031205892562866 [] []
[2018-06-28 10:35:39] general.INFO: Cache size:133.66kB Cache items read size:31 Cache write size:1.9kB Memory consumed:4MB [] []
[2018-06-28 10:37:39] general.INFO: /catalog/120717 Generation time:0.017380952835083 [] []
[2018-06-28 10:37:39] general.INFO: Cache size:53.2kB Cache items read size:17 Cache write size:4B Memory consumed:4MB [] []
[2018-06-28 11:11:27] general.INFO: /catalog Generation time:0.05576491355896 [] []
[2018-06-28 11:11:27] general.INFO: Cache size:99.39kB Cache items read size:21 Cache write size:149.94kB Memory consumed:4MB [] []
[2018-06-28 11:12:26] general.INFO: /catalog/120717 Generation time:0.023335933685303 [] []
[2018-06-28 11:12:26] general.INFO: Cache size:48.81kB Cache items read size:16 Cache write size:13.76kB Memory consumed:4MB [] []
[2018-06-28 11:12:41] general.INFO: /catalog Generation time:0.02532696723938 [] []
[2018-06-28 11:12:41] general.INFO: Cache size:131.58kB Cache items read size:31 Cache write size:0B Memory consumed:4MB [] []
[2018-06-28 11:12:44] general.INFO: /catalog/120717 Generation time:0.017550945281982 [] []
[2018-06-28 11:12:44] general.INFO: Cache size:53.2kB Cache items read size:17 Cache write size:4B Memory consumed:4MB [] []
[2018-06-28 11:16:21] general.INFO: /catalog Generation time:0.025409936904907 [] []
[2018-06-28 11:16:21] general.INFO: Cache size:131.58kB Cache items read size:31 Cache write size:0B Memory consumed:4MB [] []
[2018-06-28 11:16:34] general.INFO: /catalog/120643 Generation time:0.024433851242065 [] []
[2018-06-28 11:16:34] general.INFO: Cache size:50.33kB Cache items read size:15 Cache write size:8.36kB Memory consumed:4MB [] []
[2018-06-28 11:17:29] general.INFO: /catalog Generation time:0.026669979095459 [] []
[2018-06-28 11:17:29] general.INFO: Cache size:131.58kB Cache items read size:31 Cache write size:0B Memory consumed:4MB [] []
[2018-06-28 11:17:31] general.INFO: /catalog/120717 Generation time:0.014790058135986 [] []
[2018-06-28 11:17:31] general.INFO: Cache size:53.2kB Cache items read size:17 Cache write size:4B Memory consumed:4MB [] []
[2018-06-28 11:20:07] general.INFO: /catalog Generation time:0.034410953521729 [] []
[2018-06-28 11:20:07] general.INFO: Cache size:131.58kB Cache items read size:31 Cache write size:0B Memory consumed:4MB [] []
[2018-06-28 11:20:11] general.INFO: /catalog/120644 Generation time:0.022273063659668 [] []
[2018-06-28 11:20:11] general.INFO: Cache size:50.43kB Cache items read size:15 Cache write size:8.57kB Memory consumed:4MB [] []
[2018-06-28 11:21:12] general.INFO: /catalog Generation time:0.044595003128052 [] []
[2018-06-28 11:21:12] general.INFO: Cache size:131.58kB Cache items read size:31 Cache write size:0B Memory consumed:4MB [] []
[2018-06-28 11:26:39] general.INFO: /catalog/120644 Generation time:0.024454116821289 [] []
[2018-06-28 11:26:39] general.INFO: Cache size:53.34kB Cache items read size:17 Cache write size:4B Memory consumed:4MB [] []
[2018-06-28 12:09:09] general.INFO: /catalog/120717 Generation time:0.042405843734741 [] []
[2018-06-28 12:09:09] general.INFO: Cache size:52.21kB Cache items read size:15 Cache write size:1.9kB Memory consumed:4MB [] []
[2018-06-28 12:39:14] general.INFO: /catalog Generation time:0.059762001037598 [] []
[2018-06-28 12:39:14] general.INFO: Cache size:99.39kB Cache items read size:21 Cache write size:149.94kB Memory consumed:4MB [] []
[2018-06-28 12:39:47] general.INFO: /catalog Generation time:0.030075788497925 [] []
[2018-06-28 12:39:47] general.INFO: Cache size:131.58kB Cache items read size:31 Cache write size:0B Memory consumed:4MB [] []
[2018-06-28 12:39:54] general.INFO: /catalog/120717 Generation time:0.028652906417847 [] []
[2018-06-28 12:39:54] general.INFO: Cache size:48.52kB Cache items read size:15 Cache write size:14.05kB Memory consumed:4MB [] []
[2018-06-28 12:50:11] general.INFO: /catalog Generation time:0.037817001342773 [] []
[2018-06-28 12:50:11] general.INFO: Cache size:131.58kB Cache items read size:31 Cache write size:0B Memory consumed:4MB [] []
[2018-06-28 12:50:11] general.INFO: /catalog Generation time:0.02139687538147 [] []
[2018-06-28 12:50:11] general.INFO: Cache size:131.58kB Cache items read size:31 Cache write size:0B Memory consumed:4MB [] []
[2018-06-28 12:53:28] general.INFO: /catalog/120717 Generation time:0.021990060806274 [] []
[2018-06-28 12:53:28] general.INFO: Cache size:53.2kB Cache items read size:17 Cache write size:4B Memory consumed:4MB [] []
[2018-06-28 13:00:14] general.INFO: /catalog Generation time:0.037140846252441 [] []
[2018-06-28 13:00:14] general.INFO: Cache size:131.58kB Cache items read size:31 Cache write size:0B Memory consumed:4MB [] []
[2018-06-28 13:00:14] general.INFO: /catalog Generation time:0.022531986236572 [] []
[2018-06-28 13:00:14] general.INFO: Cache size:131.58kB Cache items read size:31 Cache write size:0B Memory consumed:4MB [] []
[2018-06-28 13:00:14] general.INFO: / Generation time:0.0137619972229 [] []
[2018-06-28 13:00:14] general.INFO: Cache size:1.15kB Cache items read size:3 Cache write size:2.21kB Memory consumed:2MB [] []
[2018-06-28 13:12:32] general.INFO: /catalog/120717 Generation time:0.016717910766602 [] []
[2018-06-28 13:12:32] general.INFO: Cache size:53.2kB Cache items read size:17 Cache write size:4B Memory consumed:4MB [] []
[2018-06-28 13:14:23] general.INFO: /catalog/120637 Generation time:0.023368120193481 [] []
[2018-06-28 13:14:23] general.INFO: Cache size:51.92kB Cache items read size:16 Cache write size:6.85kB Memory consumed:4MB [] []
[2018-06-28 13:14:24] general.INFO: /catalog/120637 Generation time:0.013509035110474 [] []
[2018-06-28 13:14:24] general.INFO: Cache size:53.22kB Cache items read size:17 Cache write size:4B Memory consumed:4MB [] []
[2018-06-28 13:16:36] general.INFO: /catalog/120717 Generation time:0.017839908599854 [] []
[2018-06-28 13:16:36] general.INFO: Cache size:53.2kB Cache items read size:17 Cache write size:4B Memory consumed:4MB [] []
[2018-06-28 13:28:09] general.INFO: /catalog/120637 Generation time:0.026701927185059 [] []
[2018-06-28 13:28:09] general.INFO: Cache size:53.22kB Cache items read size:17 Cache write size:4B Memory consumed:4MB [] []
[2018-06-28 13:29:01] general.INFO: /catalog Generation time:0.033032178878784 [] []
[2018-06-28 13:29:01] general.INFO: Cache size:131.58kB Cache items read size:31 Cache write size:0B Memory consumed:4MB [] []
[2018-06-28 13:29:14] general.INFO: /catalog/ Generation time:0.030070066452026 [] []
[2018-06-28 13:29:14] general.INFO: Cache size:134.46kB Cache items read size:35 Cache write size:1.53kB Memory consumed:4MB [] []
[2018-06-28 13:34:34] general.INFO: /catalog Generation time:0.035458087921143 [] []
[2018-06-28 13:34:34] general.INFO: Cache size:131.58kB Cache items read size:31 Cache write size:0B Memory consumed:4MB [] []
[2018-06-28 13:34:34] general.INFO: /catalog Generation time:0.038263082504272 [] []
[2018-06-28 13:34:34] general.INFO: Cache size:131.58kB Cache items read size:31 Cache write size:0B Memory consumed:4MB [] []
[2018-06-28 13:34:36] general.INFO: /catalog/120637 Generation time:0.016211986541748 [] []
[2018-06-28 13:34:36] general.INFO: Cache size:53.22kB Cache items read size:17 Cache write size:4B Memory consumed:4MB [] []
[2018-06-28 14:43:22] general.INFO: / Generation time:0.021726131439209 [] []
[2018-06-28 14:43:22] general.INFO: Cache size:168B Cache items read size:1 Cache write size:4.11kB Memory consumed:2MB [] []
[2018-06-28 15:09:08] general.INFO: / Generation time:0.018476963043213 [] []
[2018-06-28 15:09:08] general.INFO: Cache size:2.62kB Cache items read size:4 Cache write size:0B Memory consumed:2MB [] []
[2018-06-28 15:22:26] general.INFO: /catalog Generation time:0.063727140426636 [] []
[2018-06-28 15:22:26] general.INFO: Cache size:99.39kB Cache items read size:21 Cache write size:149.94kB Memory consumed:4MB [] []
[2018-06-28 15:22:26] general.INFO: /catalog Generation time:0.021249055862427 [] []
[2018-06-28 15:22:26] general.INFO: Cache size:131.58kB Cache items read size:31 Cache write size:0B Memory consumed:4MB [] []
[2018-06-28 15:22:28] general.INFO: /catalog/120717 Generation time:0.022681951522827 [] []
[2018-06-28 15:22:28] general.INFO: Cache size:48.51kB Cache items read size:14 Cache write size:14.05kB Memory consumed:4MB [] []
[2018-06-28 16:48:00] general.INFO: / Generation time:0.020404100418091 [] []
[2018-06-28 16:48:00] general.INFO: Cache size:1.15kB Cache items read size:3 Cache write size:2.21kB Memory consumed:2MB [] []
[2018-06-28 21:08:30] general.INFO: / Generation time:0.02460503578186 [] []
[2018-06-28 21:08:30] general.INFO: Cache size:168B Cache items read size:1 Cache write size:4.11kB Memory consumed:2MB [] []
[2018-06-28 23:53:42] general.INFO: / Generation time:0.023277044296265 [] []
[2018-06-28 23:53:42] general.INFO: Cache size:168B Cache items read size:1 Cache write size:4.11kB Memory consumed:2MB [] []
[2018-06-28 23:53:45] general.INFO: /catalog Generation time:0.048178911209106 [] []
[2018-06-28 23:53:45] general.INFO: Cache size:99.39kB Cache items read size:21 Cache write size:149.94kB Memory consumed:4MB [] []
[2018-06-28 23:53:46] general.INFO: /catalog Generation time:0.022838830947876 [] []
[2018-06-28 23:53:46] general.INFO: Cache size:131.58kB Cache items read size:31 Cache write size:0B Memory consumed:4MB [] []
[2018-06-29 00:01:29] general.INFO: /catalog/?f[equal][service.service]=&f[like][service.callerID]=&f[like][tovarbase.country]=&f[like][Base]=&f[like][service.VIN]=&f[like][service.licenseplate]=&f[like][service.firstAgent]=&f[like][service.secondAgent]=&f[from][service.lastEvent]=0&f[to][service.lastEvent]=1530223163 Generation time:0.041691064834595 [] []
[2018-06-29 00:01:29] general.INFO: Cache size:131.66kB Cache items read size:35 Cache write size:1.53kB Memory consumed:4MB [] []
[2018-06-29 00:02:19] general.INFO: /catalog/?f[equal][service.service]=&f[like][service.callerID]=&f[like][tovarbase.country]=&f[like][Base]=&f[like][service.VIN]=&f[like][service.licenseplate]=&f[like][service.firstAgent]=&f[like][service.secondAgent]=&f[from][service.lastEvent]=0&f[to][service.lastEvent]=1530223163 Generation time:0.035265922546387 [] []
[2018-06-29 00:02:19] general.INFO: Cache size:131.85kB Cache items read size:33 Cache write size:0B Memory consumed:4MB [] []
[2018-06-29 00:02:22] general.INFO: /catalog/?f[equal][service.service]=&f[like][service.callerID]=&f[like][tovarbase.country]=&f[like][Base]=&f[like][service.VIN]=&f[like][service.licenseplate]=&f[like][service.firstAgent]=&f[like][service.secondAgent]=&f[from][service.lastEvent]=0&f[to][service.lastEvent]=1530223163 Generation time:0.03242301940918 [] []
[2018-06-29 00:02:22] general.INFO: Cache size:131.85kB Cache items read size:33 Cache write size:0B Memory consumed:4MB [] []
[2018-06-29 00:10:09] general.INFO: /catalog/?f[equal][service.service]=&f[like][service.callerID]=&f[like][tovarbase.country]=&f[like][Base]=&f[like][service.VIN]=&f[like][service.licenseplate]=&f[like][service.firstAgent]=&f[like][service.secondAgent]=&f[from][service.lastEvent]=0&f[to][service.lastEvent]=1530223163 Generation time:0.034281969070435 [] []
[2018-06-29 00:10:09] general.INFO: Cache size:131.85kB Cache items read size:33 Cache write size:0B Memory consumed:4MB [] []
[2018-06-29 00:10:09] general.INFO: /catalog/?f[equal][service.service]=&f[like][service.callerID]=&f[like][tovarbase.country]=&f[like][Base]=&f[like][service.VIN]=&f[like][service.licenseplate]=&f[like][service.firstAgent]=&f[like][service.secondAgent]=&f[from][service.lastEvent]=0&f[to][service.lastEvent]=1530223163 Generation time:0.027109861373901 [] []
[2018-06-29 00:10:09] general.INFO: Cache size:131.85kB Cache items read size:33 Cache write size:0B Memory consumed:4MB [] []
[2018-06-29 00:12:16] general.INFO: / Generation time:0.023963928222656 [] []
[2018-06-29 00:12:16] general.INFO: Cache size:2.62kB Cache items read size:4 Cache write size:0B Memory consumed:2MB [] []
[2018-06-29 00:12:16] general.INFO: / Generation time:0.011416912078857 [] []
[2018-06-29 00:12:16] general.INFO: Cache size:2.62kB Cache items read size:4 Cache write size:0B Memory consumed:2MB [] []
[2018-06-29 00:12:16] general.INFO: / Generation time:0.010676860809326 [] []
[2018-06-29 00:12:16] general.INFO: Cache size:2.62kB Cache items read size:4 Cache write size:0B Memory consumed:2MB [] []
[2018-06-29 00:22:56] general.INFO: /catalog/?f[equal][service.service]=&f[like][service.callerID]=&f[like][tovarbase.country]=&f[like][Base]=&f[like][service.VIN]=&f[like][service.licenseplate]=&f[like][service.firstAgent]=&f[like][service.secondAgent]=&f[from][service.lastEvent]=1530082052&f[to][service.lastEvent]=1532702549 Generation time:0.033343076705933 [] []
[2018-06-29 00:22:56] general.INFO: Cache size:134.64kB Cache items read size:33 Cache write size:0B Memory consumed:4MB [] []
[2018-06-29 00:23:05] general.INFO: /catalog/?f[equal][service.service]=&f[like][service.callerID]=&f[like][tovarbase.country]=&f[like][Base]=&f[like][service.VIN]=&f[like][service.licenseplate]=&f[like][service.firstAgent]=&f[like][service.secondAgent]=&f[from][service.lastEvent]=1530082052&f[to][service.lastEvent]=1532702549 Generation time:0.055708885192871 [] []
[2018-06-29 00:23:05] general.INFO: Cache size:119.68kB Cache items read size:25 Cache write size:164.59kB Memory consumed:4MB [] []
[2018-06-29 00:31:46] general.INFO: /catalog/?f[equal][service.service]=&f[like][service.callerID]=&f[like][tovarbase.country]=&f[like][Base]=&f[like][service.VIN]=&f[like][service.licenseplate]=&f[like][service.firstAgent]=&f[like][service.secondAgent]=&f[from][service.lastEvent]=0&f[to][service.lastEvent]=1530223163 Generation time:0.057931900024414 [] []
[2018-06-29 00:31:46] general.INFO: Cache size:173.07kB Cache items read size:42 Cache write size:46.48kB Memory consumed:4MB [] []
[2018-06-29 00:32:08] general.INFO: /catalog/?f[equal][service.service]=&f[like][service.callerID]=&f[like][tovarbase.country]=&f[like][Base]=&f[like][service.VIN]=&f[like][service.licenseplate]=&f[like][service.firstAgent]=&f[like][service.secondAgent]=&f[from][service.lastEvent]=0&f[to][service.lastEvent]=1530223163 Generation time:0.044175863265991 [] []
[2018-06-29 00:32:08] general.INFO: Cache size:134.8kB Cache items read size:33 Cache write size:0B Memory consumed:4MB [] []
[2018-06-29 00:32:12] general.INFO: /catalog/?f[equal][service.service]=&f[like][service.callerID]=&f[like][tovarbase.country]=&f[like][Base]=&f[like][service.VIN]=&f[like][service.licenseplate]=&f[like][service.firstAgent]=&f[like][service.secondAgent]=&f[from][service.lastEvent]=0&f[to][service.lastEvent]=1530223163 Generation time:0.028755903244019 [] []
[2018-06-29 00:32:12] general.INFO: Cache size:134.8kB Cache items read size:33 Cache write size:0B Memory consumed:4MB [] []
[2018-06-29 00:32:56] general.INFO: /catalog/?f[equal][service.service]=&f[like][service.callerID]=&f[like][tovarbase.country]=&f[like][Base]=&f[like][service.VIN]=&f[like][service.licenseplate]=&f[like][service.firstAgent]=&f[like][service.secondAgent]=&f[from][service.lastEvent]=0&f[to][service.lastEvent]=1530223163 Generation time:0.047052145004272 [] []
[2018-06-29 00:32:56] general.INFO: Cache size:134.8kB Cache items read size:33 Cache write size:0B Memory consumed:4MB [] []
[2018-06-29 00:33:04] general.INFO: /catalog/?f[equal][service.service]=&f[like][service.callerID]=&f[like][tovarbase.country]=&f[like][Base]=&f[like][service.VIN]=&f[like][service.licenseplate]=&f[like][service.firstAgent]=&f[like][service.secondAgent]=&f[from][service.lastEvent]=1530082052&f[to][service.lastEvent]=1532702549 Generation time:0.03869891166687 [] []
[2018-06-29 00:33:04] general.INFO: Cache size:137.6kB Cache items read size:33 Cache write size:0B Memory consumed:4MB [] []
[2018-06-29 00:34:56] general.INFO: /catalog/?f[equal][service.service]=&f[like][service.callerID]=&f[like][tovarbase.country]=&f[like][Base]=&f[like][service.VIN]=&f[like][service.licenseplate]=&f[like][service.firstAgent]=&f[like][service.secondAgent]=&f[from][service.lastEvent]=1530082052&f[to][service.lastEvent]=1532702549 Generation time:0.068575859069824 [] []
[2018-06-29 00:34:56] general.INFO: Cache size:119.68kB Cache items read size:25 Cache write size:164.59kB Memory consumed:4MB [] []
[2018-06-29 00:36:16] general.INFO: /catalog/?f[equal][service.service]=&f[like][service.callerID]=&f[like][tovarbase.country]=&f[like][Base]=&f[like][service.VIN]=&f[like][service.licenseplate]=&f[like][service.firstAgent]=&f[like][service.secondAgent]=&f[from][service.lastEvent]=1530082052&f[to][service.lastEvent]=1532702549 Generation time:0.062506914138794 [] []
[2018-06-29 00:36:16] general.INFO: Cache size:132.26kB Cache items read size:28 Cache write size:165.8kB Memory consumed:4MB [] []
[2018-06-29 09:59:27] general.INFO: /catalog/120717 Generation time:0.05939793586731 [] []
[2018-06-29 09:59:27] general.INFO: Cache size:34.34kB Cache items read size:7 Cache write size:47.71kB Memory consumed:4MB [] []
[2018-06-29 10:39:53] general.INFO: /catalog/ Generation time:0.060915946960449 [] []
[2018-06-29 10:39:53] general.INFO: Cache size:151.52kB Cache items read size:38 Cache write size:131.9kB Memory consumed:4MB [] []
[2018-06-29 10:41:19] general.INFO: /catalog/120717 Generation time:0.03194785118103 [] []
[2018-06-29 10:41:19] general.INFO: Cache size:58.06kB Cache items read size:19 Cache write size:4B Memory consumed:4MB [] []
[2018-06-29 11:48:03] general.INFO: /catalog/ Generation time:0.077781200408936 [] []
[2018-06-29 11:48:03] general.INFO: Cache size:132.26kB Cache items read size:28 Cache write size:165.66kB Memory consumed:4MB [] []
[2018-06-29 11:48:57] general.INFO: /catalog/120717 Generation time:0.043755054473877 [] []
[2018-06-29 11:48:57] general.INFO: Cache size:53.61kB Cache items read size:17 Cache write size:13.94kB Memory consumed:4MB [] []
[2018-06-29 11:51:42] general.INFO: /catalog/ Generation time:0.029790878295898 [] []
[2018-06-29 11:51:42] general.INFO: Cache size:138.63kB Cache items read size:33 Cache write size:0B Memory consumed:4MB [] []
[2018-06-29 11:52:09] general.INFO: /catalog/120637 Generation time:0.028093099594116 [] []
[2018-06-29 11:52:09] general.INFO: Cache size:55.16kB Cache items read size:17 Cache write size:8.59kB Memory consumed:4MB [] []
[2018-06-29 11:52:37] general.INFO: /catalog/ Generation time:0.034266948699951 [] []
[2018-06-29 11:52:37] general.INFO: Cache size:138.63kB Cache items read size:33 Cache write size:0B Memory consumed:4MB [] []
[2018-06-29 11:52:41] general.INFO: /catalog/120644 Generation time:0.019850969314575 [] []
[2018-06-29 11:52:41] general.INFO: Cache size:51.1kB Cache items read size:15 Cache write size:8.57kB Memory consumed:4MB [] []
[2018-06-29 11:52:55] general.INFO: /catalog/ Generation time:0.044403076171875 [] []
[2018-06-29 11:52:55] general.INFO: Cache size:138.63kB Cache items read size:33 Cache write size:0B Memory consumed:4MB [] []
[2018-06-29 11:52:59] general.INFO: /catalog/120718 Generation time:0.018188953399658 [] []
[2018-06-29 11:52:59] general.INFO: Cache size:51.04kB Cache items read size:15 Cache write size:8.43kB Memory consumed:4MB [] []
[2018-06-29 11:55:03] general.INFO: /catalog/ Generation time:0.033583879470825 [] []
[2018-06-29 11:55:03] general.INFO: Cache size:138.63kB Cache items read size:33 Cache write size:0B Memory consumed:4MB [] []
[2018-06-29 11:55:06] general.INFO: /catalog/ Generation time:0.025613784790039 [] []
[2018-06-29 11:55:06] general.INFO: Cache size:138.63kB Cache items read size:33 Cache write size:0B Memory consumed:4MB [] []
[2018-06-29 11:55:08] general.INFO: /catalog/ Generation time:0.027946949005127 [] []
[2018-06-29 11:55:08] general.INFO: Cache size:138.63kB Cache items read size:33 Cache write size:0B Memory consumed:4MB [] []
[2018-06-29 11:55:15] general.INFO: /catalog/120717 Generation time:0.026138067245483 [] []
[2018-06-29 11:55:15] general.INFO: Cache size:58.06kB Cache items read size:19 Cache write size:4B Memory consumed:4MB [] []
[2018-06-29 11:56:14] general.INFO: /catalog/120717 Generation time:0.028772830963135 [] []
[2018-06-29 11:56:14] general.INFO: Cache size:58.06kB Cache items read size:19 Cache write size:4B Memory consumed:4MB [] []
[2018-06-29 11:56:17] general.INFO: /catalog/120717 Generation time:0.018579006195068 [] []
[2018-06-29 11:56:17] general.INFO: Cache size:58.06kB Cache items read size:19 Cache write size:4B Memory consumed:4MB [] []
[2018-06-29 11:56:18] general.INFO: /catalog/120717 Generation time:0.019438982009888 [] []
[2018-06-29 11:56:18] general.INFO: Cache size:58.06kB Cache items read size:19 Cache write size:4B Memory consumed:4MB [] []
[2018-06-29 11:57:07] general.INFO: /catalog/120717 Generation time:0.041213035583496 [] []
[2018-06-29 11:57:07] general.INFO: Cache size:58.06kB Cache items read size:19 Cache write size:4B Memory consumed:4MB [] []
[2018-06-29 11:57:09] general.INFO: /catalog/120717 Generation time:0.015607833862305 [] []
[2018-06-29 11:57:09] general.INFO: Cache size:58.06kB Cache items read size:19 Cache write size:4B Memory consumed:4MB [] []
[2018-06-29 12:00:10] general.INFO: /catalog Generation time:0.036006927490234 [] []
[2018-06-29 12:00:10] general.INFO: Cache size:135.38kB Cache items read size:33 Cache write size:1.53kB Memory consumed:4MB [] []
[2018-06-29 12:00:41] general.INFO: /catalog/120717 Generation time:0.01616907119751 [] []
[2018-06-29 12:00:41] general.INFO: Cache size:58.06kB Cache items read size:19 Cache write size:4B Memory consumed:4MB [] []
[2018-06-29 12:01:14] general.INFO: /catalog Generation time:0.032192945480347 [] []
[2018-06-29 12:01:14] general.INFO: Cache size:135.57kB Cache items read size:31 Cache write size:0B Memory consumed:4MB [] []
[2018-06-29 12:01:21] general.INFO: /catalog/120643 Generation time:0.021337985992432 [] []
[2018-06-29 12:01:21] general.INFO: Cache size:51kB Cache items read size:15 Cache write size:8.36kB Memory consumed:4MB [] []
[2018-06-29 12:15:06] general.INFO: /catalog/120718 Generation time:0.0209059715271 [] []
[2018-06-29 12:15:06] general.INFO: Cache size:53.91kB Cache items read size:17 Cache write size:4B Memory consumed:4MB [] []
[2018-06-29 12:15:08] general.INFO: /catalog Generation time:0.020981073379517 [] []
[2018-06-29 12:15:08] general.INFO: Cache size:135.57kB Cache items read size:31 Cache write size:0B Memory consumed:4MB [] []
[2018-06-29 12:18:43] general.INFO: /catalog/120717 Generation time:0.033832788467407 [] []
[2018-06-29 12:18:43] general.INFO: Cache size:58.06kB Cache items read size:19 Cache write size:4B Memory consumed:4MB [] []
[2018-06-29 12:39:31] general.INFO: /catalog/ Generation time:0.033838033676147 [] []
[2018-06-29 12:39:31] general.INFO: Cache size:138.63kB Cache items read size:33 Cache write size:0B Memory consumed:4MB [] []
[2018-06-29 12:39:32] general.INFO: /catalog/ Generation time:0.027752161026001 [] []
[2018-06-29 12:39:32] general.INFO: Cache size:138.63kB Cache items read size:33 Cache write size:0B Memory consumed:4MB [] []
[2018-06-29 12:39:55] general.INFO: / Generation time:0.031666040420532 [] []
[2018-06-29 12:39:55] general.INFO: Cache size:1.15kB Cache items read size:3 Cache write size:2.21kB Memory consumed:2MB [] []
[2018-06-29 12:40:19] general.INFO: /catalog/ Generation time:0.025737047195435 [] []
[2018-06-29 12:40:19] general.INFO: Cache size:138.63kB Cache items read size:33 Cache write size:0B Memory consumed:4MB [] []
[2018-06-29 12:41:45] general.INFO: /catalog/ Generation time:0.037755966186523 [] []
[2018-06-29 12:41:45] general.INFO: Cache size:138.63kB Cache items read size:33 Cache write size:0B Memory consumed:4MB [] []
[2018-06-29 12:41:46] general.INFO: /catalog Generation time:0.020237922668457 [] []
[2018-06-29 12:41:46] general.INFO: Cache size:135.57kB Cache items read size:31 Cache write size:0B Memory consumed:4MB [] []
[2018-06-29 12:43:31] general.INFO: /catalog/120717 Generation time:0.032002925872803 [] []
[2018-06-29 12:43:31] general.INFO: Cache size:58.06kB Cache items read size:19 Cache write size:4B Memory consumed:4MB [] []
[2018-06-29 12:43:52] general.INFO: /catalog/120717 Generation time:0.022578001022339 [] []
[2018-06-29 12:43:52] general.INFO: Cache size:58.06kB Cache items read size:19 Cache write size:4B Memory consumed:4MB [] []
[2018-06-29 12:44:21] general.INFO: /catalog/120717 Generation time:0.037805080413818 [] []
[2018-06-29 12:44:21] general.INFO: Cache size:58.06kB Cache items read size:19 Cache write size:4B Memory consumed:4MB [] []
[2018-06-29 12:44:22] general.INFO: /catalog Generation time:0.02367901802063 [] []
[2018-06-29 12:44:22] general.INFO: Cache size:135.57kB Cache items read size:31 Cache write size:0B Memory consumed:4MB [] []
[2018-06-29 12:45:29] general.INFO: /catalog/120717 Generation time:0.022727966308594 [] []
[2018-06-29 12:45:29] general.INFO: Cache size:58.06kB Cache items read size:19 Cache write size:4B Memory consumed:4MB [] []
[2018-06-29 12:45:52] general.INFO: /catalog/120717 Generation time:0.024595022201538 [] []
[2018-06-29 12:45:52] general.INFO: Cache size:58.06kB Cache items read size:19 Cache write size:4B Memory consumed:4MB [] []
[2018-06-29 12:51:11] general.INFO: /catalog/ Generation time:0.068298101425171 [] []
[2018-06-29 12:51:11] general.INFO: Cache size:132.26kB Cache items read size:28 Cache write size:165.66kB Memory consumed:4MB [] []
[2018-06-29 12:51:15] general.INFO: /catalog/120717 Generation time:0.018887996673584 [] []
[2018-06-29 12:51:15] general.INFO: Cache size:53.61kB Cache items read size:18 Cache write size:13.94kB Memory consumed:4MB [] []
[2018-06-29 12:51:20] general.INFO: /catalog/ Generation time:0.026064157485962 [] []
[2018-06-29 12:51:20] general.INFO: Cache size:138.63kB Cache items read size:33 Cache write size:0B Memory consumed:4MB [] []
[2018-06-29 12:51:23] general.INFO: /catalog/120717 Generation time:0.017482995986938 [] []
[2018-06-29 12:51:23] general.INFO: Cache size:58.06kB Cache items read size:19 Cache write size:4B Memory consumed:4MB [] []
[2018-06-29 12:51:25] general.INFO: /catalog/ Generation time:0.034817934036255 [] []
[2018-06-29 12:51:25] general.INFO: Cache size:138.63kB Cache items read size:33 Cache write size:0B Memory consumed:4MB [] []
[2018-06-29 12:51:28] general.INFO: /catalog/120637 Generation time:0.014989137649536 [] []
[2018-06-29 12:51:28] general.INFO: Cache size:58.08kB Cache items read size:19 Cache write size:4B Memory consumed:4MB [] []
[2018-06-29 12:51:50] general.INFO: /catalog/120637 Generation time:0.029376029968262 [] []
[2018-06-29 12:51:50] general.INFO: Cache size:58.08kB Cache items read size:19 Cache write size:4B Memory consumed:4MB [] []
[2018-06-29 12:51:52] general.INFO: /catalog Generation time:0.026948928833008 [] []
[2018-06-29 12:51:52] general.INFO: Cache size:135.57kB Cache items read size:31 Cache write size:0B Memory consumed:4MB [] []
[2018-06-29 12:52:29] general.INFO: /catalog/ Generation time:0.036269903182983 [] []
[2018-06-29 12:52:29] general.INFO: Cache size:138.63kB Cache items read size:33 Cache write size:0B Memory consumed:4MB [] []
[2018-06-29 12:52:42] general.INFO: /catalog/120643 Generation time:0.023684978485107 [] []
[2018-06-29 12:52:42] general.INFO: Cache size:53.86kB Cache items read size:17 Cache write size:4B Memory consumed:4MB [] []
[2018-06-29 12:53:02] general.INFO: /catalog/120643 Generation time:0.019366979598999 [] []
[2018-06-29 12:53:02] general.INFO: Cache size:53.86kB Cache items read size:17 Cache write size:4B Memory consumed:4MB [] []
[2018-06-29 12:53:03] general.INFO: /catalog Generation time:0.021229982376099 [] []
[2018-06-29 12:53:03] general.INFO: Cache size:135.57kB Cache items read size:31 Cache write size:0B Memory consumed:4MB [] []
[2018-06-29 12:53:19] general.INFO: /catalog/ Generation time:0.03099799156189 [] []
[2018-06-29 12:53:19] general.INFO: Cache size:138.63kB Cache items read size:33 Cache write size:0B Memory consumed:4MB [] []
[2018-06-29 12:53:22] general.INFO: /catalog/120643 Generation time:0.015967130661011 [] []
[2018-06-29 12:53:22] general.INFO: Cache size:53.86kB Cache items read size:17 Cache write size:4B Memory consumed:4MB [] []
[2018-06-29 12:53:24] general.INFO: /catalog/ Generation time:0.021920919418335 [] []
[2018-06-29 12:53:24] general.INFO: Cache size:138.63kB Cache items read size:33 Cache write size:0B Memory consumed:4MB [] []
[2018-06-29 12:53:34] general.INFO: /catalog/120644 Generation time:0.035048007965088 [] []
[2018-06-29 12:53:34] general.INFO: Cache size:51.1kB Cache items read size:15 Cache write size:8.57kB Memory consumed:4MB [] []
[2018-06-29 12:53:36] general.INFO: /catalog/ Generation time:0.025089979171753 [] []
[2018-06-29 12:53:36] general.INFO: Cache size:138.63kB Cache items read size:33 Cache write size:0B Memory consumed:4MB [] []
[2018-06-29 12:53:39] general.INFO: /catalog/120643 Generation time:0.01715612411499 [] []
[2018-06-29 12:53:39] general.INFO: Cache size:53.86kB Cache items read size:17 Cache write size:4B Memory consumed:4MB [] []
[2018-06-29 12:53:43] general.INFO: /catalog/ Generation time:0.023838043212891 [] []
[2018-06-29 12:53:43] general.INFO: Cache size:138.63kB Cache items read size:33 Cache write size:0B Memory consumed:4MB [] []
[2018-06-29 12:53:46] general.INFO: /catalog/120644 Generation time:0.014966011047363 [] []
[2018-06-29 12:53:46] general.INFO: Cache size:54.01kB Cache items read size:17 Cache write size:4B Memory consumed:4MB [] []
[2018-06-29 12:54:19] general.INFO: /catalog/120644 Generation time:0.025655031204224 [] []
[2018-06-29 12:54:19] general.INFO: Cache size:54.01kB Cache items read size:17 Cache write size:4B Memory consumed:4MB [] []
[2018-06-29 12:54:20] general.INFO: /catalog Generation time:0.024217128753662 [] []
[2018-06-29 12:54:20] general.INFO: Cache size:135.57kB Cache items read size:31 Cache write size:0B Memory consumed:4MB [] []
[2018-06-29 12:54:40] general.INFO: /catalog/ Generation time:0.032582998275757 [] []
[2018-06-29 12:54:40] general.INFO: Cache size:138.63kB Cache items read size:33 Cache write size:0B Memory consumed:4MB [] []
[2018-06-29 12:54:44] general.INFO: /catalog/120716 Generation time:0.017997026443481 [] []
[2018-06-29 12:54:44] general.INFO: Cache size:55.25kB Cache items read size:17 Cache write size:8.78kB Memory consumed:4MB [] []
[2018-06-29 12:55:14] general.INFO: /catalog/120716 Generation time:0.02085280418396 [] []
[2018-06-29 12:55:14] general.INFO: Cache size:58.22kB Cache items read size:19 Cache write size:4B Memory consumed:4MB [] []
[2018-06-29 12:55:16] general.INFO: /catalog Generation time:0.021791934967041 [] []
[2018-06-29 12:55:16] general.INFO: Cache size:135.57kB Cache items read size:31 Cache write size:0B Memory consumed:4MB [] []
[2018-06-29 12:55:17] general.INFO: /catalog/ Generation time:0.031639814376831 [] []
[2018-06-29 12:55:17] general.INFO: Cache size:138.63kB Cache items read size:33 Cache write size:0B Memory consumed:4MB [] []
[2018-06-29 12:55:23] general.INFO: /catalog/120644 Generation time:0.020192861557007 [] []
[2018-06-29 12:55:23] general.INFO: Cache size:54.01kB Cache items read size:17 Cache write size:4B Memory consumed:4MB [] []
[2018-06-29 12:55:25] general.INFO: /catalog/ Generation time:0.020816087722778 [] []
[2018-06-29 12:55:25] general.INFO: Cache size:138.63kB Cache items read size:33 Cache write size:0B Memory consumed:4MB [] []
[2018-06-29 12:55:28] general.INFO: /catalog/120716 Generation time:0.01763391494751 [] []
[2018-06-29 12:55:28] general.INFO: Cache size:58.22kB Cache items read size:19 Cache write size:4B Memory consumed:4MB [] []
[2018-06-29 12:55:31] general.INFO: /catalog/ Generation time:0.028288125991821 [] []
[2018-06-29 12:55:31] general.INFO: Cache size:138.63kB Cache items read size:33 Cache write size:0B Memory consumed:4MB [] []
[2018-06-29 12:55:33] general.INFO: /catalog/120657 Generation time:0.016822814941406 [] []
[2018-06-29 12:55:33] general.INFO: Cache size:50.99kB Cache items read size:15 Cache write size:8.34kB Memory consumed:4MB [] []
[2018-06-29 12:55:55] general.INFO: /catalog/120657 Generation time:0.025027990341187 [] []
[2018-06-29 12:55:55] general.INFO: Cache size:53.84kB Cache items read size:17 Cache write size:4B Memory consumed:4MB [] []
[2018-06-29 12:55:56] general.INFO: /catalog Generation time:0.031924962997437 [] []
[2018-06-29 12:55:56] general.INFO: Cache size:135.57kB Cache items read size:31 Cache write size:0B Memory consumed:4MB [] []
[2018-06-29 12:56:09] general.INFO: /catalog/ Generation time:0.027537822723389 [] []
[2018-06-29 12:56:09] general.INFO: Cache size:138.63kB Cache items read size:33 Cache write size:0B Memory consumed:4MB [] []
[2018-06-29 12:56:12] general.INFO: /catalog/120657 Generation time:0.015063047409058 [] []
[2018-06-29 12:56:12] general.INFO: Cache size:53.84kB Cache items read size:17 Cache write size:4B Memory consumed:4MB [] []
[2018-06-29 12:56:17] general.INFO: /catalog/ Generation time:0.024218082427979 [] []
[2018-06-29 12:56:17] general.INFO: Cache size:138.63kB Cache items read size:33 Cache write size:0B Memory consumed:4MB [] []
[2018-06-29 12:56:20] general.INFO: /catalog/120718 Generation time:0.020277976989746 [] []
[2018-06-29 12:56:20] general.INFO: Cache size:51.04kB Cache items read size:16 Cache write size:8.43kB Memory consumed:4MB [] []
[2018-06-29 12:56:41] general.INFO: /catalog/120718 Generation time:0.02539587020874 [] []
[2018-06-29 12:56:41] general.INFO: Cache size:53.91kB Cache items read size:17 Cache write size:4B Memory consumed:4MB [] []
[2018-06-29 12:56:43] general.INFO: /catalog Generation time:0.026036024093628 [] []
[2018-06-29 12:56:43] general.INFO: Cache size:135.57kB Cache items read size:31 Cache write size:0B Memory consumed:4MB [] []
[2018-06-29 12:56:44] general.INFO: /catalog/ Generation time:0.027087926864624 [] []
[2018-06-29 12:56:44] general.INFO: Cache size:138.63kB Cache items read size:33 Cache write size:0B Memory consumed:4MB [] []
[2018-06-29 12:56:47] general.INFO: /catalog/120658 Generation time:0.021085023880005 [] []
[2018-06-29 12:56:47] general.INFO: Cache size:55.17kB Cache items read size:17 Cache write size:8.62kB Memory consumed:4MB [] []
[2018-06-29 12:57:03] general.INFO: /catalog/120658 Generation time:0.022278070449829 [] []
[2018-06-29 12:57:03] general.INFO: Cache size:58.1kB Cache items read size:19 Cache write size:4B Memory consumed:4MB [] []
[2018-06-29 12:57:04] general.INFO: /catalog Generation time:0.023652076721191 [] []
[2018-06-29 12:57:04] general.INFO: Cache size:135.57kB Cache items read size:31 Cache write size:0B Memory consumed:4MB [] []
[2018-06-29 12:58:35] general.INFO: /catalog/ Generation time:0.026478052139282 [] []
[2018-06-29 12:58:35] general.INFO: Cache size:138.63kB Cache items read size:33 Cache write size:0B Memory consumed:4MB [] []
[2018-06-29 12:58:39] general.INFO: /catalog/120717 Generation time:0.016512155532837 [] []
[2018-06-29 12:58:39] general.INFO: Cache size:58.06kB Cache items read size:19 Cache write size:4B Memory consumed:4MB [] []
[2018-06-29 12:59:35] general.INFO: /catalog/120717 Generation time:0.024367094039917 [] []
[2018-06-29 12:59:35] general.INFO: Cache size:58.06kB Cache items read size:19 Cache write size:4B Memory consumed:4MB [] []
[2018-06-29 13:01:18] general.INFO: /catalog/120717 Generation time:0.028297185897827 [] []
[2018-06-29 13:01:18] general.INFO: Cache size:58.06kB Cache items read size:19 Cache write size:4B Memory consumed:4MB [] []
[2018-06-29 13:08:11] general.INFO: /catalog/120717 Generation time:0.026686906814575 [] []
[2018-06-29 13:08:11] general.INFO: Cache size:58.06kB Cache items read size:19 Cache write size:4B Memory consumed:4MB [] []
[2018-06-29 13:11:03] general.INFO: /catalog/120717 Generation time:0.028956174850464 [] []
[2018-06-29 13:11:03] general.INFO: Cache size:58.06kB Cache items read size:19 Cache write size:4B Memory consumed:4MB [] []
[2018-06-29 13:11:44] general.INFO: /catalog/120717 Generation time:0.028861999511719 [] []
[2018-06-29 13:11:44] general.INFO: Cache size:58.06kB Cache items read size:19 Cache write size:4B Memory consumed:4MB [] []
[2018-06-29 13:12:40] general.INFO: /catalog/120717 Generation time:0.031436920166016 [] []
[2018-06-29 13:12:40] general.INFO: Cache size:58.06kB Cache items read size:19 Cache write size:4B Memory consumed:4MB [] []
[2018-06-29 13:34:56] general.INFO: /catalog/120717 Generation time:0.020991086959839 [] []
[2018-06-29 13:34:56] general.INFO: Cache size:58.06kB Cache items read size:19 Cache write size:4B Memory consumed:4MB [] []
[2018-06-29 13:48:35] general.INFO: /catalog/120717 Generation time:0.024248838424683 [] []
[2018-06-29 13:48:35] general.INFO: Cache size:58.06kB Cache items read size:19 Cache write size:4B Memory consumed:4MB [] []
[2018-06-29 13:54:08] general.INFO: /catalog/120717 Generation time:0.04908299446106 [] []
[2018-06-29 13:54:08] general.INFO: Cache size:34.35kB Cache items read size:8 Cache write size:47.71kB Memory consumed:4MB [] []
[2018-06-29 13:54:22] general.INFO: /catalog/120717 Generation time:0.02785587310791 [] []
[2018-06-29 13:54:22] general.INFO: Cache size:58.06kB Cache items read size:19 Cache write size:4B Memory consumed:4MB [] []
[2018-06-29 13:54:31] general.INFO: /catalog/120717 Generation time:0.030963897705078 [] []
[2018-06-29 13:54:31] general.INFO: Cache size:58.06kB Cache items read size:19 Cache write size:4B Memory consumed:4MB [] []
[2018-06-29 13:54:50] general.INFO: /catalog/120717 Generation time:0.021748065948486 [] []
[2018-06-29 13:54:50] general.INFO: Cache size:58.06kB Cache items read size:19 Cache write size:4B Memory consumed:4MB [] []
[2018-06-29 13:55:03] general.INFO: /catalog/120717 Generation time:0.01709508895874 [] []
[2018-06-29 13:55:03] general.INFO: Cache size:58.06kB Cache items read size:19 Cache write size:4B Memory consumed:4MB [] []
[2018-06-29 14:07:05] general.INFO: /catalog/ Generation time:0.067598104476929 [] []
[2018-06-29 14:07:05] general.INFO: Cache size:151.52kB Cache items read size:38 Cache write size:131.9kB Memory consumed:4MB [] []
[2018-06-29 14:07:06] general.INFO: /catalog/ Generation time:0.021798849105835 [] []
[2018-06-29 14:07:06] general.INFO: Cache size:138.63kB Cache items read size:33 Cache write size:0B Memory consumed:4MB [] []
[2018-06-29 14:07:57] general.INFO: /catalog/120717 Generation time:0.024374961853027 [] []
[2018-06-29 14:07:57] general.INFO: Cache size:58.06kB Cache items read size:19 Cache write size:4B Memory consumed:4MB [] []
[2018-06-29 14:08:05] general.INFO: /catalog/ Generation time:0.038296937942505 [] []
[2018-06-29 14:08:05] general.INFO: Cache size:138.63kB Cache items read size:33 Cache write size:0B Memory consumed:4MB [] []
[2018-06-29 14:08:09] general.INFO: /catalog/120637 Generation time:0.020166158676147 [] []
[2018-06-29 14:08:09] general.INFO: Cache size:55.16kB Cache items read size:17 Cache write size:8.59kB Memory consumed:4MB [] []
[2018-06-29 14:08:22] general.INFO: /catalog/ Generation time:0.030460119247437 [] []
[2018-06-29 14:08:22] general.INFO: Cache size:138.63kB Cache items read size:33 Cache write size:0B Memory consumed:4MB [] []
[2018-06-29 14:08:26] general.INFO: /catalog/120637 Generation time:0.025187969207764 [] []
[2018-06-29 14:08:26] general.INFO: Cache size:58.08kB Cache items read size:19 Cache write size:4B Memory consumed:4MB [] []
[2018-06-29 14:09:20] general.INFO: /catalog/120637 Generation time:0.026231050491333 [] []
[2018-06-29 14:09:20] general.INFO: Cache size:58.08kB Cache items read size:19 Cache write size:4B Memory consumed:4MB [] []
[2018-06-29 14:11:19] general.INFO: /catalog/120637 Generation time:0.020458936691284 [] []
[2018-06-29 14:11:19] general.INFO: Cache size:58.08kB Cache items read size:19 Cache write size:4B Memory consumed:4MB [] []
[2018-06-29 14:13:20] general.INFO: /catalog/ Generation time:0.031345129013062 [] []
[2018-06-29 14:13:20] general.INFO: Cache size:138.63kB Cache items read size:33 Cache write size:0B Memory consumed:4MB [] []
[2018-06-29 14:13:20] general.INFO: /catalog/ Generation time:0.023259878158569 [] []
[2018-06-29 14:13:20] general.INFO: Cache size:138.63kB Cache items read size:33 Cache write size:0B Memory consumed:4MB [] []
[2018-06-29 14:13:30] general.INFO: /catalog/120717 Generation time:0.01623010635376 [] []
[2018-06-29 14:13:30] general.INFO: Cache size:58.06kB Cache items read size:19 Cache write size:4B Memory consumed:4MB [] []
[2018-06-29 14:21:39] general.INFO: /catalog Generation time:0.051813125610352 [] []
[2018-06-29 14:21:39] general.INFO: Cache size:135.38kB Cache items read size:33 Cache write size:1.53kB Memory consumed:4MB [] []
[2018-06-29 14:31:55] general.INFO: /catalog/120717 Generation time:0.04227614402771 [] []
[2018-06-29 14:31:55] general.INFO: Cache size:34.34kB Cache items read size:7 Cache write size:47.71kB Memory consumed:4MB [] []
[2018-06-29 14:32:09] general.INFO: /catalog/120717 Generation time:0.021317958831787 [] []
[2018-06-29 14:32:09] general.INFO: Cache size:58.06kB Cache items read size:19 Cache write size:4B Memory consumed:4MB [] []
[2018-06-29 14:32:43] general.INFO: /catalog/120717 Generation time:0.024935960769653 [] []
[2018-06-29 14:32:43] general.INFO: Cache size:58.06kB Cache items read size:19 Cache write size:4B Memory consumed:4MB [] []
[2018-06-29 14:37:56] general.INFO: /catalog/ Generation time:0.064851999282837 [] []
[2018-06-29 14:37:56] general.INFO: Cache size:151.52kB Cache items read size:38 Cache write size:131.9kB Memory consumed:4MB [] []
[2018-06-29 14:38:08] general.INFO: /catalog/120717 Generation time:0.025448083877563 [] []
[2018-06-29 14:38:08] general.INFO: Cache size:58.06kB Cache items read size:19 Cache write size:4B Memory consumed:4MB [] []
[2018-06-29 14:38:38] general.INFO: /catalog/120717 Generation time:0.022950887680054 [] []
[2018-06-29 14:38:38] general.INFO: Cache size:58.06kB Cache items read size:19 Cache write size:4B Memory consumed:4MB [] []
[2018-06-29 14:38:39] general.INFO: /catalog/120717 Generation time:0.024541139602661 [] []
[2018-06-29 14:38:39] general.INFO: Cache size:58.06kB Cache items read size:19 Cache write size:4B Memory consumed:4MB [] []
[2018-06-29 14:57:24] general.INFO: /catalog/120637 Generation time:0.032012939453125 [] []
[2018-06-29 14:57:24] general.INFO: Cache size:55.16kB Cache items read size:17 Cache write size:8.59kB Memory consumed:4MB [] []
[2018-06-29 14:59:50] general.INFO: /catalog Generation time:0.039166927337646 [] []
[2018-06-29 14:59:50] general.INFO: Cache size:135.38kB Cache items read size:33 Cache write size:1.53kB Memory consumed:4MB [] []
[2018-06-29 14:59:52] general.INFO: /catalog/120717 Generation time:0.016684055328369 [] []
[2018-06-29 14:59:52] general.INFO: Cache size:58.06kB Cache items read size:19 Cache write size:4B Memory consumed:4MB [] []
[2018-06-29 14:59:56] general.INFO: /catalog Generation time:0.030659198760986 [] []
[2018-06-29 14:59:56] general.INFO: Cache size:135.57kB Cache items read size:31 Cache write size:0B Memory consumed:4MB [] []
[2018-06-29 15:01:48] general.INFO: /catalog/ Generation time:0.032998085021973 [] []
[2018-06-29 15:01:48] general.INFO: Cache size:138.63kB Cache items read size:33 Cache write size:0B Memory consumed:4MB [] []
[2018-06-29 15:01:48] general.INFO: /catalog/ Generation time:0.018306970596313 [] []
[2018-06-29 15:01:48] general.INFO: Cache size:138.63kB Cache items read size:33 Cache write size:0B Memory consumed:4MB [] []
[2018-06-29 15:01:48] general.INFO: /catalog Generation time:0.021232128143311 [] []
[2018-06-29 15:01:48] general.INFO: Cache size:135.57kB Cache items read size:31 Cache write size:0B Memory consumed:4MB [] []
[2018-06-29 15:01:51] general.INFO: /catalog/120717 Generation time:0.02243709564209 [] []
[2018-06-29 15:01:51] general.INFO: Cache size:58.06kB Cache items read size:19 Cache write size:4B Memory consumed:4MB [] []
[2018-06-29 15:01:53] general.INFO: /catalog/120637 Generation time:0.016041994094849 [] []
[2018-06-29 15:01:53] general.INFO: Cache size:58.08kB Cache items read size:19 Cache write size:4B Memory consumed:4MB [] []
[2018-06-29 15:01:55] general.INFO: /catalog/ Generation time:0.022879123687744 [] []
[2018-06-29 15:01:55] general.INFO: Cache size:138.63kB Cache items read size:33 Cache write size:0B Memory consumed:4MB [] []
[2018-06-29 15:01:57] general.INFO: /catalog Generation time:0.021672964096069 [] []
[2018-06-29 15:01:57] general.INFO: Cache size:135.57kB Cache items read size:31 Cache write size:0B Memory consumed:4MB [] []
[2018-06-29 15:02:01] general.INFO: /catalog/120717 Generation time:0.017405033111572 [] []
[2018-06-29 15:02:01] general.INFO: Cache size:58.06kB Cache items read size:19 Cache write size:4B Memory consumed:4MB [] []
[2018-06-29 15:02:03] general.INFO: /catalog/120717 Generation time:0.026798963546753 [] []
[2018-06-29 15:02:03] general.INFO: Cache size:58.06kB Cache items read size:19 Cache write size:4B Memory consumed:4MB [] []
[2018-06-29 15:02:06] general.INFO: /catalog/120717 Generation time:0.018905162811279 [] []
[2018-06-29 15:02:06] general.INFO: Cache size:58.06kB Cache items read size:19 Cache write size:4B Memory consumed:4MB [] []
[2018-06-29 15:02:11] general.INFO: /catalog/120717 Generation time:0.014762878417969 [] []
[2018-06-29 15:02:11] general.INFO: Cache size:58.06kB Cache items read size:19 Cache write size:4B Memory consumed:4MB [] []
[2018-06-29 15:02:14] general.INFO: /catalog Generation time:0.02669882774353 [] []
[2018-06-29 15:02:14] general.INFO: Cache size:135.57kB Cache items read size:31 Cache write size:0B Memory consumed:4MB [] []
[2018-06-29 15:02:53] general.INFO: /catalog Generation time:0.03223705291748 [] []
[2018-06-29 15:02:53] general.INFO: Cache size:135.57kB Cache items read size:31 Cache write size:0B Memory consumed:4MB [] []
[2018-06-29 15:02:53] general.INFO: /catalog Generation time:0.021317958831787 [] []
[2018-06-29 15:02:53] general.INFO: Cache size:135.57kB Cache items read size:31 Cache write size:0B Memory consumed:4MB [] []
[2018-06-29 15:02:56] general.INFO: /catalog/120717 Generation time:0.016160011291504 [] []
[2018-06-29 15:02:56] general.INFO: Cache size:58.06kB Cache items read size:19 Cache write size:4B Memory consumed:4MB [] []
[2018-06-29 15:06:51] general.INFO: /catalog Generation time:0.042705059051514 [] []
[2018-06-29 15:06:51] general.INFO: Cache size:135.57kB Cache items read size:31 Cache write size:0B Memory consumed:4MB [] []
[2018-06-29 15:06:51] general.INFO: /catalog Generation time:0.022336006164551 [] []
[2018-06-29 15:06:51] general.INFO: Cache size:135.57kB Cache items read size:31 Cache write size:0B Memory consumed:4MB [] []
[2018-06-29 15:06:57] general.INFO: /catalog Generation time:0.02118182182312 [] []
[2018-06-29 15:06:57] general.INFO: Cache size:135.57kB Cache items read size:31 Cache write size:0B Memory consumed:4MB [] []
[2018-06-29 15:07:00] general.INFO: /catalog/120717 Generation time:0.01837682723999 [] []
[2018-06-29 15:07:00] general.INFO: Cache size:58.06kB Cache items read size:19 Cache write size:4B Memory consumed:4MB [] []
[2018-06-29 15:08:14] general.INFO: /catalog Generation time:0.033817052841187 [] []
[2018-06-29 15:08:14] general.INFO: Cache size:135.57kB Cache items read size:31 Cache write size:0B Memory consumed:4MB [] []
[2018-06-29 15:08:14] general.INFO: /catalog Generation time:0.022766828536987 [] []
[2018-06-29 15:08:14] general.INFO: Cache size:135.57kB Cache items read size:31 Cache write size:0B Memory consumed:4MB [] []
[2018-06-29 15:08:26] general.INFO: /catalog Generation time:0.042756080627441 [] []
[2018-06-29 15:08:26] general.INFO: Cache size:135.57kB Cache items read size:31 Cache write size:0B Memory consumed:4MB [] []
[2018-06-29 15:08:29] general.INFO: /catalog Generation time:0.022758007049561 [] []
[2018-06-29 15:08:29] general.INFO: Cache size:135.57kB Cache items read size:31 Cache write size:0B Memory consumed:4MB [] []
[2018-06-29 15:08:31] general.INFO: /catalog/120637 Generation time:0.01924991607666 [] []
[2018-06-29 15:08:31] general.INFO: Cache size:58.08kB Cache items read size:19 Cache write size:4B Memory consumed:4MB [] []
[2018-06-29 15:12:08] general.INFO: /catalog Generation time:0.041797876358032 [] []
[2018-06-29 15:12:08] general.INFO: Cache size:135.57kB Cache items read size:31 Cache write size:0B Memory consumed:4MB [] []
[2018-06-29 15:12:08] general.INFO: /catalog Generation time:0.024789094924927 [] []
[2018-06-29 15:12:08] general.INFO: Cache size:135.57kB Cache items read size:31 Cache write size:0B Memory consumed:4MB [] []
[2018-06-29 15:12:11] general.INFO: /catalog/120717 Generation time:0.020781993865967 [] []
[2018-06-29 15:12:11] general.INFO: Cache size:58.06kB Cache items read size:19 Cache write size:4B Memory consumed:4MB [] []
[2018-06-29 15:12:38] general.INFO: /catalog/120717 Generation time:0.021738052368164 [] []
[2018-06-29 15:12:38] general.INFO: Cache size:58.06kB Cache items read size:19 Cache write size:4B Memory consumed:4MB [] []
[2018-06-29 15:12:48] general.INFO: /catalog/120717 Generation time:0.019979000091553 [] []
[2018-06-29 15:12:48] general.INFO: Cache size:58.06kB Cache items read size:19 Cache write size:4B Memory consumed:4MB [] []
[2018-06-29 15:13:08] general.INFO: /catalog/120717 Generation time:0.021492004394531 [] []
[2018-06-29 15:13:08] general.INFO: Cache size:58.06kB Cache items read size:19 Cache write size:4B Memory consumed:4MB [] []
[2018-06-29 15:13:42] general.INFO: /catalog Generation time:0.031968116760254 [] []
[2018-06-29 15:13:42] general.INFO: Cache size:135.57kB Cache items read size:31 Cache write size:0B Memory consumed:4MB [] []
[2018-06-29 15:13:45] general.INFO: /catalog/120637 Generation time:0.018393993377686 [] []
[2018-06-29 15:13:45] general.INFO: Cache size:58.08kB Cache items read size:19 Cache write size:4B Memory consumed:4MB [] []
[2018-06-29 15:14:21] general.INFO: /catalog Generation time:0.03062891960144 [] []
[2018-06-29 15:14:21] general.INFO: Cache size:135.57kB Cache items read size:31 Cache write size:0B Memory consumed:4MB [] []
[2018-06-29 15:14:25] general.INFO: /catalog/120643 Generation time:0.018765211105347 [] []
[2018-06-29 15:14:25] general.INFO: Cache size:51kB Cache items read size:15 Cache write size:8.36kB Memory consumed:4MB [] []
[2018-06-29 15:14:45] general.INFO: /catalog Generation time:0.041043043136597 [] []
[2018-06-29 15:14:45] general.INFO: Cache size:135.57kB Cache items read size:31 Cache write size:0B Memory consumed:4MB [] []
[2018-06-29 15:14:50] general.INFO: /catalog/120644 Generation time:0.021657228469849 [] []
[2018-06-29 15:14:50] general.INFO: Cache size:51.1kB Cache items read size:15 Cache write size:8.57kB Memory consumed:4MB [] []
[2018-06-29 15:15:12] general.INFO: /catalog Generation time:0.037899017333984 [] []
[2018-06-29 15:15:12] general.INFO: Cache size:135.57kB Cache items read size:31 Cache write size:0B Memory consumed:4MB [] []
[2018-06-29 15:15:25] general.INFO: /catalog/120716 Generation time:0.03345513343811 [] []
[2018-06-29 15:15:25] general.INFO: Cache size:55.25kB Cache items read size:17 Cache write size:8.78kB Memory consumed:4MB [] []
[2018-06-29 15:16:42] general.INFO: /catalog/120717 Generation time:0.028218984603882 [] []
[2018-06-29 15:16:42] general.INFO: Cache size:58.06kB Cache items read size:19 Cache write size:4B Memory consumed:4MB [] []
[2018-06-29 15:16:51] general.INFO: /catalog Generation time:0.032418966293335 [] []
[2018-06-29 15:16:51] general.INFO: Cache size:135.57kB Cache items read size:31 Cache write size:0B Memory consumed:4MB [] []
[2018-06-29 15:16:55] general.INFO: /catalog/120716 Generation time:0.018420934677124 [] []
[2018-06-29 15:16:55] general.INFO: Cache size:58.22kB Cache items read size:19 Cache write size:4B Memory consumed:4MB [] []
[2018-06-29 15:16:58] general.INFO: /catalog Generation time:0.019695997238159 [] []
[2018-06-29 15:16:58] general.INFO: Cache size:135.57kB Cache items read size:31 Cache write size:0B Memory consumed:4MB [] []
[2018-06-29 15:17:05] general.INFO: /catalog/120716 Generation time:0.020589113235474 [] []
[2018-06-29 15:17:05] general.INFO: Cache size:58.22kB Cache items read size:19 Cache write size:4B Memory consumed:4MB [] []
[2018-06-29 15:17:07] general.INFO: /catalog Generation time:0.019795894622803 [] []
[2018-06-29 15:17:07] general.INFO: Cache size:135.57kB Cache items read size:31 Cache write size:0B Memory consumed:4MB [] []
[2018-06-29 15:17:12] general.INFO: /catalog/120657 Generation time:0.018899917602539 [] []
[2018-06-29 15:17:12] general.INFO: Cache size:50.99kB Cache items read size:15 Cache write size:8.34kB Memory consumed:4MB [] []
[2018-06-29 15:17:51] general.INFO: /catalog Generation time:0.04442310333252 [] []
[2018-06-29 15:17:51] general.INFO: Cache size:135.57kB Cache items read size:31 Cache write size:0B Memory consumed:4MB [] []
[2018-06-29 15:17:55] general.INFO: /catalog/120718 Generation time:0.020605087280273 [] []
[2018-06-29 15:17:55] general.INFO: Cache size:51.04kB Cache items read size:15 Cache write size:8.43kB Memory consumed:4MB [] []
[2018-06-29 15:17:59] general.INFO: /catalog Generation time:0.029712915420532 [] []
[2018-06-29 15:17:59] general.INFO: Cache size:135.57kB Cache items read size:31 Cache write size:0B Memory consumed:4MB [] []
[2018-06-29 15:17:59] general.INFO: /catalog Generation time:0.019203901290894 [] []
[2018-06-29 15:17:59] general.INFO: Cache size:135.57kB Cache items read size:31 Cache write size:0B Memory consumed:4MB [] []
[2018-06-29 15:18:04] general.INFO: /catalog/120644 Generation time:0.018892049789429 [] []
[2018-06-29 15:18:04] general.INFO: Cache size:54.01kB Cache items read size:17 Cache write size:4B Memory consumed:4MB [] []
[2018-06-29 15:18:21] general.INFO: /catalog Generation time:0.031661033630371 [] []
[2018-06-29 15:18:21] general.INFO: Cache size:135.57kB Cache items read size:31 Cache write size:0B Memory consumed:4MB [] []
[2018-06-29 15:18:28] general.INFO: /catalog/120718 Generation time:0.021766901016235 [] []
[2018-06-29 15:18:28] general.INFO: Cache size:53.91kB Cache items read size:17 Cache write size:4B Memory consumed:4MB [] []
[2018-06-29 15:18:30] general.INFO: /catalog Generation time:0.028853178024292 [] []
[2018-06-29 15:18:30] general.INFO: Cache size:135.57kB Cache items read size:31 Cache write size:0B Memory consumed:4MB [] []
[2018-06-29 15:18:35] general.INFO: /catalog/120658 Generation time:0.018672943115234 [] []
[2018-06-29 15:18:35] general.INFO: Cache size:55.17kB Cache items read size:17 Cache write size:8.62kB Memory consumed:4MB [] []
[2018-06-29 15:19:09] general.INFO: /catalog/120644 Generation time:0.027753829956055 [] []
[2018-06-29 15:19:09] general.INFO: Cache size:54.01kB Cache items read size:17 Cache write size:4B Memory consumed:4MB [] []
[2018-06-29 15:19:41] general.INFO: /catalog Generation time:0.032254219055176 [] []
[2018-06-29 15:19:41] general.INFO: Cache size:135.57kB Cache items read size:31 Cache write size:0B Memory consumed:4MB [] []
[2018-06-29 15:19:42] general.INFO: /catalog Generation time:0.021847009658813 [] []
[2018-06-29 15:19:42] general.INFO: Cache size:135.57kB Cache items read size:31 Cache write size:0B Memory consumed:4MB [] []
[2018-06-29 15:19:47] general.INFO: /catalog/120717 Generation time:0.021873950958252 [] []
[2018-06-29 15:19:47] general.INFO: Cache size:58.06kB Cache items read size:19 Cache write size:4B Memory consumed:4MB [] []
[2018-06-29 15:20:41] general.INFO: /catalog Generation time:0.033087968826294 [] []
[2018-06-29 15:20:41] general.INFO: Cache size:135.57kB Cache items read size:31 Cache write size:0B Memory consumed:4MB [] []
[2018-06-29 15:20:41] general.INFO: /catalog Generation time:0.02164888381958 [] []
[2018-06-29 15:20:41] general.INFO: Cache size:135.57kB Cache items read size:31 Cache write size:0B Memory consumed:4MB [] []
[2018-06-29 15:20:44] general.INFO: /catalog/120717 Generation time:0.016951084136963 [] []
[2018-06-29 15:20:44] general.INFO: Cache size:58.06kB Cache items read size:19 Cache write size:4B Memory consumed:4MB [] []
[2018-06-29 15:21:38] general.INFO: /catalog Generation time:0.039953947067261 [] []
[2018-06-29 15:21:38] general.INFO: Cache size:135.57kB Cache items read size:31 Cache write size:0B Memory consumed:4MB [] []
[2018-06-29 15:21:43] general.INFO: /catalog/120717 Generation time:0.018161773681641 [] []
[2018-06-29 15:21:43] general.INFO: Cache size:58.06kB Cache items read size:19 Cache write size:4B Memory consumed:4MB [] []
[2018-06-29 15:22:03] general.INFO: /catalog/120717 Generation time:0.020385026931763 [] []
[2018-06-29 15:22:03] general.INFO: Cache size:58.06kB Cache items read size:19 Cache write size:4B Memory consumed:4MB [] []
[2018-06-29 15:22:11] general.INFO: /catalog/120717 Generation time:0.023043155670166 [] []
[2018-06-29 15:22:11] general.INFO: Cache size:58.06kB Cache items read size:19 Cache write size:4B Memory consumed:4MB [] []
[2018-06-29 15:22:17] general.INFO: /catalog Generation time:0.026761054992676 [] []
[2018-06-29 15:22:17] general.INFO: Cache size:135.57kB Cache items read size:31 Cache write size:0B Memory consumed:4MB [] []
[2018-06-29 15:22:20] general.INFO: /catalog/120717 Generation time:0.017753839492798 [] []
[2018-06-29 15:22:20] general.INFO: Cache size:58.06kB Cache items read size:19 Cache write size:4B Memory consumed:4MB [] []
[2018-06-29 15:22:54] general.INFO: /catalog/120717 Generation time:0.0349280834198 [] []
[2018-06-29 15:22:54] general.INFO: Cache size:58.06kB Cache items read size:19 Cache write size:4B Memory consumed:4MB [] []
[2018-06-29 15:25:00] general.INFO: /catalog Generation time:0.032249927520752 [] []
[2018-06-29 15:25:00] general.INFO: Cache size:135.57kB Cache items read size:31 Cache write size:0B Memory consumed:4MB [] []
[2018-06-29 15:25:00] general.INFO: /catalog Generation time:0.024135112762451 [] []
[2018-06-29 15:25:00] general.INFO: Cache size:135.57kB Cache items read size:31 Cache write size:0B Memory consumed:4MB [] []
[2018-06-29 15:25:04] general.INFO: /catalog/120717 Generation time:0.017784118652344 [] []
[2018-06-29 15:25:04] general.INFO: Cache size:58.06kB Cache items read size:19 Cache write size:4B Memory consumed:4MB [] []
[2018-06-29 15:26:21] general.INFO: /catalog/120717 Generation time:0.037626028060913 [] []
[2018-06-29 15:26:21] general.INFO: Cache size:58.06kB Cache items read size:19 Cache write size:4B Memory consumed:4MB [] []
[2018-06-29 15:26:47] general.INFO: /catalog/120717 Generation time:0.024996995925903 [] []
[2018-06-29 15:26:47] general.INFO: Cache size:58.06kB Cache items read size:19 Cache write size:4B Memory consumed:4MB [] []
[2018-06-29 15:26:49] general.INFO: /catalog/120717 Generation time:0.024247169494629 [] []
[2018-06-29 15:26:49] general.INFO: Cache size:58.06kB Cache items read size:19 Cache write size:4B Memory consumed:4MB [] []
[2018-06-29 15:26:51] general.INFO: /catalog/120717 Generation time:0.01413106918335 [] []
[2018-06-29 15:26:51] general.INFO: Cache size:58.06kB Cache items read size:19 Cache write size:4B Memory consumed:4MB [] []
[2018-06-29 15:26:53] general.INFO: /catalog/120717 Generation time:0.017669916152954 [] []
[2018-06-29 15:26:53] general.INFO: Cache size:58.06kB Cache items read size:19 Cache write size:4B Memory consumed:4MB [] []
[2018-06-29 15:27:05] general.INFO: /catalog Generation time:0.04567813873291 [] []
[2018-06-29 15:27:05] general.INFO: Cache size:135.57kB Cache items read size:31 Cache write size:0B Memory consumed:4MB [] []
[2018-06-29 15:27:12] general.INFO: /catalog/120717 Generation time:0.016518115997314 [] []
[2018-06-29 15:27:12] general.INFO: Cache size:58.06kB Cache items read size:19 Cache write size:4B Memory consumed:4MB [] []
[2018-06-29 15:27:54] general.INFO: /catalog/120717 Generation time:0.030773878097534 [] []
[2018-06-29 15:27:54] general.INFO: Cache size:58.06kB Cache items read size:19 Cache write size:4B Memory consumed:4MB [] []
[2018-06-29 15:27:56] general.INFO: /catalog/120717 Generation time:0.023773908615112 [] []
[2018-06-29 15:27:56] general.INFO: Cache size:58.06kB Cache items read size:19 Cache write size:4B Memory consumed:4MB [] []
[2018-06-29 15:28:52] general.INFO: /catalog/120717 Generation time:0.034188985824585 [] []
[2018-06-29 15:28:52] general.INFO: Cache size:58.06kB Cache items read size:19 Cache write size:4B Memory consumed:4MB [] []
[2018-06-29 15:31:23] general.INFO: /catalog Generation time:0.033403158187866 [] []
[2018-06-29 15:31:23] general.INFO: Cache size:135.57kB Cache items read size:31 Cache write size:0B Memory consumed:4MB [] []
[2018-06-29 15:31:26] general.INFO: /catalog/120717 Generation time:0.016369104385376 [] []
[2018-06-29 15:31:26] general.INFO: Cache size:58.06kB Cache items read size:19 Cache write size:4B Memory consumed:4MB [] []
[2018-06-29 15:37:57] general.INFO: /catalog/120717 Generation time:0.054643154144287 [] []
[2018-06-29 15:37:57] general.INFO: Cache size:34.35kB Cache items read size:8 Cache write size:47.71kB Memory consumed:4MB [] []
[2018-06-29 15:42:19] general.INFO: /catalog/120717 Generation time:0.033075094223022 [] []
[2018-06-29 15:42:19] general.INFO: Cache size:58.06kB Cache items read size:19 Cache write size:4B Memory consumed:4MB [] []
[2018-06-29 15:42:33] general.INFO: /catalog/120717 Generation time:0.025989055633545 [] []
[2018-06-29 15:42:33] general.INFO: Cache size:58.06kB Cache items read size:19 Cache write size:4B Memory consumed:4MB [] []
[2018-06-29 15:48:27] general.INFO: /catalog/120717 Generation time:0.037348985671997 [] []
[2018-06-29 15:48:27] general.INFO: Cache size:58.06kB Cache items read size:19 Cache write size:4B Memory consumed:4MB [] []
[2018-06-29 16:10:17] general.INFO: /catalog Generation time:0.057614088058472 [] []
[2018-06-29 16:10:17] general.INFO: Cache size:148.89kB Cache items read size:35 Cache write size:128.54kB Memory consumed:4MB [] []
[2018-06-29 16:10:17] general.INFO: /catalog Generation time:0.021864891052246 [] []
[2018-06-29 16:10:17] general.INFO: Cache size:135.57kB Cache items read size:31 Cache write size:0B Memory consumed:4MB [] []
[2018-06-29 16:10:21] general.INFO: /catalog/120717 Generation time:0.017221927642822 [] []
[2018-06-29 16:10:21] general.INFO: Cache size:58.06kB Cache items read size:19 Cache write size:4B Memory consumed:4MB [] []
[2018-06-29 16:11:07] general.INFO: /catalog/120717 Generation time:0.029881954193115 [] []
[2018-06-29 16:11:07] general.INFO: Cache size:58.06kB Cache items read size:19 Cache write size:4B Memory consumed:4MB [] []
[2018-06-29 16:12:25] general.INFO: /catalog/120717 Generation time:0.032896041870117 [] []
[2018-06-29 16:12:25] general.INFO: Cache size:58.06kB Cache items read size:19 Cache write size:4B Memory consumed:4MB [] []
[2018-06-29 16:12:35] general.INFO: /catalog/120717 Generation time:0.023893117904663 [] []
[2018-06-29 16:12:35] general.INFO: Cache size:58.06kB Cache items read size:19 Cache write size:4B Memory consumed:4MB [] []
[2018-06-29 16:12:59] general.INFO: /catalog/120717 Generation time:0.025256156921387 [] []
[2018-06-29 16:12:59] general.INFO: Cache size:58.06kB Cache items read size:19 Cache write size:4B Memory consumed:4MB [] []
[2018-06-29 16:20:13] general.INFO: /catalog Generation time:0.044636964797974 [] []
[2018-06-29 16:20:13] general.INFO: Cache size:135.57kB Cache items read size:31 Cache write size:0B Memory consumed:4MB [] []
[2018-06-29 16:20:13] general.INFO: /catalog Generation time:0.021859169006348 [] []
[2018-06-29 16:20:13] general.INFO: Cache size:135.57kB Cache items read size:31 Cache write size:0B Memory consumed:4MB [] []
[2018-06-29 16:20:16] general.INFO: /catalog/120717 Generation time:0.016997098922729 [] []
[2018-06-29 16:20:16] general.INFO: Cache size:58.06kB Cache items read size:19 Cache write size:4B Memory consumed:4MB [] []
[2018-06-29 16:22:17] general.INFO: /catalog/120717 Generation time:0.028895854949951 [] []
[2018-06-29 16:22:17] general.INFO: Cache size:58.06kB Cache items read size:19 Cache write size:4B Memory consumed:4MB [] []
[2018-06-29 16:22:54] general.INFO: /catalog/120717 Generation time:0.030590057373047 [] []
[2018-06-29 16:22:54] general.INFO: Cache size:58.06kB Cache items read size:19 Cache write size:4B Memory consumed:4MB [] []
[2018-06-29 16:23:23] general.INFO: /catalog Generation time:0.034481048583984 [] []
[2018-06-29 16:23:23] general.INFO: Cache size:135.57kB Cache items read size:31 Cache write size:0B Memory consumed:4MB [] []
[2018-06-29 16:23:23] general.INFO: /catalog Generation time:0.019611120223999 [] []
[2018-06-29 16:23:23] general.INFO: Cache size:135.57kB Cache items read size:31 Cache write size:0B Memory consumed:4MB [] []
[2018-06-29 16:23:26] general.INFO: /catalog/120717 Generation time:0.017298936843872 [] []
[2018-06-29 16:23:26] general.INFO: Cache size:58.06kB Cache items read size:19 Cache write size:4B Memory consumed:4MB [] []
[2018-06-29 16:24:56] general.INFO: /catalog/120717 Generation time:0.026654958724976 [] []
[2018-06-29 16:24:56] general.INFO: Cache size:58.06kB Cache items read size:19 Cache write size:4B Memory consumed:4MB [] []
[2018-06-29 16:29:37] general.INFO: /catalog Generation time:0.033842802047729 [] []
[2018-06-29 16:29:37] general.INFO: Cache size:135.57kB Cache items read size:31 Cache write size:0B Memory consumed:4MB [] []
[2018-06-29 16:29:37] general.INFO: /catalog Generation time:0.019899845123291 [] []
[2018-06-29 16:29:37] general.INFO: Cache size:135.57kB Cache items read size:31 Cache write size:0B Memory consumed:4MB [] []
[2018-06-29 16:29:45] general.INFO: /catalog/120717 Generation time:0.016029119491577 [] []
[2018-06-29 16:29:45] general.INFO: Cache size:58.06kB Cache items read size:19 Cache write size:4B Memory consumed:4MB [] []
[2018-06-29 16:31:05] general.INFO: /catalog/120717 Generation time:0.033272981643677 [] []
[2018-06-29 16:31:05] general.INFO: Cache size:58.06kB Cache items read size:19 Cache write size:4B Memory consumed:4MB [] []
[2018-06-29 16:33:06] general.INFO: /catalog/120717 Generation time:0.034898042678833 [] []
[2018-06-29 16:33:06] general.INFO: Cache size:58.06kB Cache items read size:19 Cache write size:4B Memory consumed:4MB [] []
[2018-06-29 16:34:00] general.INFO: /catalog Generation time:0.033199071884155 [] []
[2018-06-29 16:34:00] general.INFO: Cache size:135.57kB Cache items read size:31 Cache write size:0B Memory consumed:4MB [] []
[2018-06-29 16:34:00] general.INFO: /catalog Generation time:0.018696069717407 [] []
[2018-06-29 16:34:00] general.INFO: Cache size:135.57kB Cache items read size:31 Cache write size:0B Memory consumed:4MB [] []
[2018-06-29 16:34:39] general.INFO: /catalog/120717 Generation time:0.026998996734619 [] []
[2018-06-29 16:34:39] general.INFO: Cache size:58.06kB Cache items read size:19 Cache write size:4B Memory consumed:4MB [] []
[2018-06-29 16:35:01] general.INFO: /catalog/120717 Generation time:0.034348964691162 [] []
[2018-06-29 16:35:01] general.INFO: Cache size:58.06kB Cache items read size:19 Cache write size:4B Memory consumed:4MB [] []
[2018-06-29 16:35:27] general.INFO: /catalog/120717 Generation time:0.021842002868652 [] []
[2018-06-29 16:35:27] general.INFO: Cache size:58.06kB Cache items read size:19 Cache write size:4B Memory consumed:4MB [] []
[2018-06-29 16:35:36] general.INFO: /catalog/120717 Generation time:0.025728940963745 [] []
[2018-06-29 16:35:36] general.INFO: Cache size:58.06kB Cache items read size:19 Cache write size:4B Memory consumed:4MB [] []
[2018-06-29 16:35:43] general.INFO: /catalog/120717 Generation time:0.019197940826416 [] []
[2018-06-29 16:35:43] general.INFO: Cache size:58.06kB Cache items read size:19 Cache write size:4B Memory consumed:4MB [] []
[2018-06-29 16:35:49] general.INFO: /catalog/120717 Generation time:0.022212028503418 [] []
[2018-06-29 16:35:49] general.INFO: Cache size:58.06kB Cache items read size:19 Cache write size:4B Memory consumed:4MB [] []
[2018-06-29 16:35:57] general.INFO: /catalog/120717 Generation time:0.02342414855957 [] []
[2018-06-29 16:35:57] general.INFO: Cache size:58.06kB Cache items read size:19 Cache write size:4B Memory consumed:4MB [] []
[2018-06-29 16:36:31] general.INFO: /catalog Generation time:0.036105871200562 [] []
[2018-06-29 16:36:31] general.INFO: Cache size:135.57kB Cache items read size:31 Cache write size:0B Memory consumed:4MB [] []
[2018-06-29 16:36:32] general.INFO: /catalog/120717 Generation time:0.02763295173645 [] []
[2018-06-29 16:36:32] general.INFO: Cache size:58.06kB Cache items read size:19 Cache write size:4B Memory consumed:4MB [] []
[2018-06-29 16:36:51] general.INFO: /catalog/120717 Generation time:0.032226800918579 [] []
[2018-06-29 16:36:51] general.INFO: Cache size:58.06kB Cache items read size:19 Cache write size:4B Memory consumed:4MB [] []
[2018-06-29 16:36:59] general.INFO: /catalog/120717 Generation time:0.014177083969116 [] []
[2018-06-29 16:36:59] general.INFO: Cache size:58.06kB Cache items read size:19 Cache write size:4B Memory consumed:4MB [] []
[2018-06-29 16:37:34] general.INFO: /catalog/120717 Generation time:0.023936033248901 [] []
[2018-06-29 16:37:34] general.INFO: Cache size:58.06kB Cache items read size:19 Cache write size:4B Memory consumed:4MB [] []
[2018-06-29 16:38:47] general.INFO: /catalog Generation time:0.045055866241455 [] []
[2018-06-29 16:38:47] general.INFO: Cache size:127.31kB Cache items read size:25 Cache write size:13.14kB Memory consumed:4MB [] []
[2018-06-29 16:38:55] general.INFO: /catalog/120717 Generation time:0.039064884185791 [] []
[2018-06-29 16:38:55] general.INFO: Cache size:42.61kB Cache items read size:14 Cache write size:34.56kB Memory consumed:4MB [] []
[2018-06-29 16:39:25] general.INFO: /catalog Generation time:0.033338069915771 [] []
[2018-06-29 16:39:25] general.INFO: Cache size:135.57kB Cache items read size:31 Cache write size:0B Memory consumed:4MB [] []
[2018-06-29 16:39:25] general.INFO: /catalog Generation time:0.024801969528198 [] []
[2018-06-29 16:39:25] general.INFO: Cache size:135.57kB Cache items read size:31 Cache write size:0B Memory consumed:4MB [] []
[2018-06-29 16:39:36] general.INFO: /catalog/120717 Generation time:0.018301963806152 [] []
[2018-06-29 16:39:36] general.INFO: Cache size:58.06kB Cache items read size:19 Cache write size:4B Memory consumed:4MB [] []
[2018-06-29 16:40:21] general.INFO: /catalog Generation time:0.043548107147217 [] []
[2018-06-29 16:40:21] general.INFO: Cache size:135.57kB Cache items read size:31 Cache write size:0B Memory consumed:4MB [] []
[2018-06-29 16:40:32] general.INFO: /catalog/120717 Generation time:0.029539108276367 [] []
[2018-06-29 16:40:32] general.INFO: Cache size:58.06kB Cache items read size:19 Cache write size:4B Memory consumed:4MB [] []
[2018-06-29 16:40:34] general.INFO: /catalog Generation time:0.023381948471069 [] []
[2018-06-29 16:40:34] general.INFO: Cache size:135.57kB Cache items read size:31 Cache write size:0B Memory consumed:4MB [] []
[2018-06-29 16:40:35] general.INFO: /catalog Generation time:0.025113821029663 [] []
[2018-06-29 16:40:35] general.INFO: Cache size:135.57kB Cache items read size:31 Cache write size:0B Memory consumed:4MB [] []
[2018-06-29 16:40:41] general.INFO: /catalog Generation time:0.031458139419556 [] []
[2018-06-29 16:40:41] general.INFO: Cache size:135.57kB Cache items read size:31 Cache write size:0B Memory consumed:4MB [] []
[2018-06-29 16:40:44] general.INFO: /catalog/120717 Generation time:0.020544052124023 [] []
[2018-06-29 16:40:44] general.INFO: Cache size:58.06kB Cache items read size:19 Cache write size:4B Memory consumed:4MB [] []
[2018-06-29 16:41:08] general.INFO: /catalog/120717 Generation time:0.036264896392822 [] []
[2018-06-29 16:41:08] general.INFO: Cache size:58.06kB Cache items read size:19 Cache write size:4B Memory consumed:4MB [] []
[2018-06-29 16:41:30] general.INFO: /catalog Generation time:0.03826904296875 [] []
[2018-06-29 16:41:30] general.INFO: Cache size:135.57kB Cache items read size:31 Cache write size:0B Memory consumed:4MB [] []
[2018-06-29 16:41:50] general.INFO: /catalog Generation time:0.033738136291504 [] []
[2018-06-29 16:41:50] general.INFO: Cache size:135.57kB Cache items read size:31 Cache write size:0B Memory consumed:4MB [] []
[2018-06-29 16:42:10] general.INFO: /catalog/120717 Generation time:0.032261848449707 [] []
[2018-06-29 16:42:10] general.INFO: Cache size:58.06kB Cache items read size:19 Cache write size:4B Memory consumed:4MB [] []
[2018-06-29 16:42:23] general.INFO: /catalog/120717 Generation time:0.023069858551025 [] []
[2018-06-29 16:42:23] general.INFO: Cache size:58.06kB Cache items read size:19 Cache write size:4B Memory consumed:4MB [] []
[2018-06-29 16:43:20] general.INFO: /catalog/120717 Generation time:0.036477088928223 [] []
[2018-06-29 16:43:20] general.INFO: Cache size:58.06kB Cache items read size:19 Cache write size:4B Memory consumed:4MB [] []
[2018-06-29 16:44:00] general.INFO: /catalog Generation time:0.033068895339966 [] []
[2018-06-29 16:44:00] general.INFO: Cache size:135.57kB Cache items read size:31 Cache write size:0B Memory consumed:4MB [] []
[2018-06-29 16:44:00] general.INFO: /catalog Generation time:0.01875901222229 [] []
[2018-06-29 16:44:00] general.INFO: Cache size:135.57kB Cache items read size:31 Cache write size:0B Memory consumed:4MB [] []
[2018-06-29 16:44:02] general.INFO: /catalog/120717 Generation time:0.017967939376831 [] []
[2018-06-29 16:44:02] general.INFO: Cache size:58.06kB Cache items read size:19 Cache write size:4B Memory consumed:4MB [] []
[2018-06-29 16:44:24] general.INFO: /catalog Generation time:0.038886070251465 [] []
[2018-06-29 16:44:24] general.INFO: Cache size:135.57kB Cache items read size:31 Cache write size:0B Memory consumed:4MB [] []
[2018-06-29 16:44:30] general.INFO: /catalog/120717 Generation time:0.022303104400635 [] []
[2018-06-29 16:44:30] general.INFO: Cache size:58.06kB Cache items read size:19 Cache write size:4B Memory consumed:4MB [] []
[2018-06-29 16:46:20] general.INFO: /catalog/120717 Generation time:0.031232118606567 [] []
[2018-06-29 16:46:20] general.INFO: Cache size:58.06kB Cache items read size:19 Cache write size:4B Memory consumed:4MB [] []
[2018-06-29 16:47:36] general.INFO: /catalog/120717 Generation time:0.037992000579834 [] []
[2018-06-29 16:47:36] general.INFO: Cache size:58.06kB Cache items read size:19 Cache write size:4B Memory consumed:4MB [] []
[2018-06-29 16:48:17] general.INFO: /catalog/120717 Generation time:0.030421018600464 [] []
[2018-06-29 16:48:17] general.INFO: Cache size:58.06kB Cache items read size:19 Cache write size:4B Memory consumed:4MB [] []
[2018-06-29 16:50:20] general.INFO: /catalog Generation time:0.043597936630249 [] []
[2018-06-29 16:50:20] general.INFO: Cache size:135.57kB Cache items read size:31 Cache write size:0B Memory consumed:4MB [] []
[2018-06-29 16:50:20] general.INFO: /catalog Generation time:0.022262811660767 [] []
[2018-06-29 16:50:20] general.INFO: Cache size:135.57kB Cache items read size:31 Cache write size:0B Memory consumed:4MB [] []
[2018-06-29 16:50:22] general.INFO: /catalog/120717 Generation time:0.019051074981689 [] []
[2018-06-29 16:50:22] general.INFO: Cache size:58.06kB Cache items read size:19 Cache write size:4B Memory consumed:4MB [] []
[2018-06-29 16:51:32] general.INFO: /catalog Generation time:0.040325880050659 [] []
[2018-06-29 16:51:32] general.INFO: Cache size:135.57kB Cache items read size:31 Cache write size:0B Memory consumed:4MB [] []
[2018-06-29 16:54:04] general.INFO: /catalog Generation time:0.02876091003418 [] []
[2018-06-29 16:54:04] general.INFO: Cache size:135.57kB Cache items read size:31 Cache write size:0B Memory consumed:4MB [] []
[2018-06-29 16:54:11] general.INFO: /catalog/120717 Generation time:0.019534826278687 [] []
[2018-06-29 16:54:11] general.INFO: Cache size:58.06kB Cache items read size:19 Cache write size:4B Memory consumed:4MB [] []
[2018-06-29 16:54:46] general.INFO: /catalog/120717 Generation time:0.031159162521362 [] []
[2018-06-29 16:54:46] general.INFO: Cache size:58.06kB Cache items read size:19 Cache write size:4B Memory consumed:4MB [] []
[2018-06-29 16:55:07] general.INFO: /catalog/120717 Generation time:0.019792079925537 [] []
[2018-06-29 16:55:07] general.INFO: Cache size:58.06kB Cache items read size:19 Cache write size:4B Memory consumed:4MB [] []
[2018-06-29 16:55:37] general.INFO: /catalog/120717 Generation time:0.034183025360107 [] []
[2018-06-29 16:55:37] general.INFO: Cache size:58.06kB Cache items read size:19 Cache write size:4B Memory consumed:4MB [] []
[2018-06-29 16:56:31] general.INFO: /catalog/120717 Generation time:0.035340785980225 [] []
[2018-06-29 16:56:31] general.INFO: Cache size:58.06kB Cache items read size:19 Cache write size:4B Memory consumed:4MB [] []
[2018-06-29 16:56:49] general.INFO: /catalog/120717 Generation time:0.036221027374268 [] []
[2018-06-29 16:56:49] general.INFO: Cache size:58.06kB Cache items read size:19 Cache write size:4B Memory consumed:4MB [] []
[2018-06-29 16:57:31] general.INFO: /catalog/120717 Generation time:0.020745992660522 [] []
[2018-06-29 16:57:31] general.INFO: Cache size:58.06kB Cache items read size:19 Cache write size:4B Memory consumed:4MB [] []
[2018-06-29 16:58:16] general.INFO: /catalog/120717 Generation time:0.020539045333862 [] []
[2018-06-29 16:58:16] general.INFO: Cache size:58.06kB Cache items read size:19 Cache write size:4B Memory consumed:4MB [] []
[2018-06-29 16:58:46] general.INFO: /catalog/120717 Generation time:0.019659996032715 [] []
[2018-06-29 16:58:46] general.INFO: Cache size:58.06kB Cache items read size:19 Cache write size:4B Memory consumed:4MB [] []
[2018-06-29 16:59:24] general.INFO: /catalog Generation time:0.040848970413208 [] []
[2018-06-29 16:59:24] general.INFO: Cache size:135.57kB Cache items read size:31 Cache write size:0B Memory consumed:4MB [] []
[2018-06-29 16:59:52] general.INFO: /catalog Generation time:0.03117299079895 [] []
[2018-06-29 16:59:52] general.INFO: Cache size:135.57kB Cache items read size:31 Cache write size:0B Memory consumed:4MB [] []
[2018-06-29 16:59:55] general.INFO: /catalog?f[equal][service.service]=&f[like][service.callerID]=&f[like][tovarbase.country]=&f[like][tovarbase.firstname]=Reus&f[like][service.VIN]=&f[like][service.licenseplate]=&f[like][service.firstAgent]=&f[like][service.secondAgent]=&f[from][service.lastEvent]=1530082052&f[to][service.lastEvent]=1532702549 Generation time:0.031895160675049 [] []
[2018-06-29 16:59:55] general.INFO: Cache size:113.73kB Cache items read size:32 Cache write size:188B Memory consumed:4MB [] []
[2018-06-29 17:00:08] general.INFO: /catalog Generation time:0.024852991104126 [] []
[2018-06-29 17:00:08] general.INFO: Cache size:135.57kB Cache items read size:31 Cache write size:0B Memory consumed:4MB [] []
[2018-06-29 17:00:10] general.INFO: /catalog?f[equal][service.service]=&f[like][service.callerID]=&f[like][tovarbase.country]=&f[like][tovarbase.firstname]=Reus&f[like][service.VIN]=&f[like][service.licenseplate]=&f[like][service.firstAgent]=&f[like][service.secondAgent]=&f[from][service.lastEvent]=1530082052&f[to][service.lastEvent]=1532702549 Generation time:0.021571159362793 [] []
[2018-06-29 17:00:10] general.INFO: Cache size:111.24kB Cache items read size:31 Cache write size:0B Memory consumed:4MB [] []
[2018-06-29 17:12:27] general.INFO: / Generation time:0.046005964279175 [] []
[2018-06-29 17:12:27] general.INFO: Cache size:1.15kB Cache items read size:3 Cache write size:2.21kB Memory consumed:2MB [] []
[2018-06-29 17:56:00] general.INFO: /catalog/120717 Generation time:0.040784120559692 [] []
[2018-06-29 17:56:00] general.INFO: Cache size:34.35kB Cache items read size:8 Cache write size:47.71kB Memory consumed:4MB [] []
[2018-06-29 18:11:36] general.INFO: /catalog/120717 Generation time:0.035150051116943 [] []
[2018-06-29 18:11:36] general.INFO: Cache size:58.06kB Cache items read size:19 Cache write size:4B Memory consumed:4MB [] []
[2018-06-29 18:12:16] general.INFO: /catalog Generation time:0.072848796844482 [] []
[2018-06-29 18:12:16] general.INFO: Cache size:148.89kB Cache items read size:35 Cache write size:128.54kB Memory consumed:4MB [] []
[2018-06-29 18:12:17] general.INFO: /catalog Generation time:0.022969961166382 [] []
[2018-06-29 18:12:17] general.INFO: Cache size:135.57kB Cache items read size:31 Cache write size:0B Memory consumed:4MB [] []
[2018-06-29 18:12:19] general.INFO: /catalog/120717 Generation time:0.022014856338501 [] []
[2018-06-29 18:12:19] general.INFO: Cache size:58.06kB Cache items read size:19 Cache write size:4B Memory consumed:4MB [] []
[2018-06-29 18:12:41] general.INFO: /catalog/120717 Generation time:0.022040128707886 [] []
[2018-06-29 18:12:41] general.INFO: Cache size:58.06kB Cache items read size:19 Cache write size:4B Memory consumed:4MB [] []
[2018-06-29 18:16:05] general.INFO: /catalog Generation time:0.046833038330078 [] []
[2018-06-29 18:16:05] general.INFO: Cache size:135.57kB Cache items read size:31 Cache write size:0B Memory consumed:4MB [] []
[2018-06-29 18:16:05] general.INFO: /catalog Generation time:0.021164894104004 [] []
[2018-06-29 18:16:05] general.INFO: Cache size:135.57kB Cache items read size:31 Cache write size:0B Memory consumed:4MB [] []
[2018-06-29 18:16:07] general.INFO: /catalog/120717 Generation time:0.016178131103516 [] []
[2018-06-29 18:16:07] general.INFO: Cache size:58.06kB Cache items read size:19 Cache write size:4B Memory consumed:4MB [] []
[2018-06-29 18:16:43] general.INFO: /catalog Generation time:0.04338002204895 [] []
[2018-06-29 18:16:43] general.INFO: Cache size:135.57kB Cache items read size:31 Cache write size:0B Memory consumed:4MB [] []
[2018-06-29 18:16:44] general.INFO: /catalog Generation time:0.024404048919678 [] []
[2018-06-29 18:16:44] general.INFO: Cache size:135.57kB Cache items read size:31 Cache write size:0B Memory consumed:4MB [] []
[2018-06-29 18:16:46] general.INFO: /catalog/120717 Generation time:0.021183013916016 [] []
[2018-06-29 18:16:46] general.INFO: Cache size:58.06kB Cache items read size:19 Cache write size:4B Memory consumed:4MB [] []
[2018-06-29 18:17:17] general.INFO: /catalog Generation time:0.031179904937744 [] []
[2018-06-29 18:17:17] general.INFO: Cache size:135.57kB Cache items read size:31 Cache write size:0B Memory consumed:4MB [] []
[2018-06-29 18:17:17] general.INFO: /catalog Generation time:0.0259690284729 [] []
[2018-06-29 18:17:17] general.INFO: Cache size:135.57kB Cache items read size:31 Cache write size:0B Memory consumed:4MB [] []
[2018-06-29 18:17:20] general.INFO: /catalog/120717 Generation time:0.0174241065979 [] []
[2018-06-29 18:17:20] general.INFO: Cache size:58.06kB Cache items read size:19 Cache write size:4B Memory consumed:4MB [] []
[2018-06-29 18:42:10] general.INFO: /catalog/120717 Generation time:0.036729097366333 [] []
[2018-06-29 18:42:10] general.INFO: Cache size:58.06kB Cache items read size:19 Cache write size:4B Memory consumed:4MB [] []
[2018-06-29 18:51:19] general.INFO: /catalog Generation time:0.040126800537109 [] []
[2018-06-29 18:51:19] general.INFO: Cache size:135.57kB Cache items read size:31 Cache write size:0B Memory consumed:4MB [] []
[2018-06-29 18:51:19] general.INFO: /catalog Generation time:0.021553993225098 [] []
[2018-06-29 18:51:19] general.INFO: Cache size:135.57kB Cache items read size:31 Cache write size:0B Memory consumed:4MB [] []
[2018-06-29 18:51:24] general.INFO: /catalog/120717 Generation time:0.018928050994873 [] []
[2018-06-29 18:51:24] general.INFO: Cache size:58.06kB Cache items read size:19 Cache write size:4B Memory consumed:4MB [] []
[2018-06-29 18:53:14] general.INFO: /catalog/120717 Generation time:0.027879953384399 [] []
[2018-06-29 18:53:14] general.INFO: Cache size:58.06kB Cache items read size:19 Cache write size:4B Memory consumed:4MB [] []
[2018-06-29 18:53:46] general.INFO: /catalog/120717 Generation time:0.018585920333862 [] []
[2018-06-29 18:53:46] general.INFO: Cache size:58.06kB Cache items read size:19 Cache write size:4B Memory consumed:4MB [] []
[2018-06-29 18:54:49] general.INFO: /catalog/120717 Generation time:0.023757934570312 [] []
[2018-06-29 18:54:49] general.INFO: Cache size:58.06kB Cache items read size:19 Cache write size:4B Memory consumed:4MB [] []
[2018-06-29 18:55:15] general.INFO: /catalog/120717 Generation time:0.023468971252441 [] []
[2018-06-29 18:55:15] general.INFO: Cache size:58.06kB Cache items read size:19 Cache write size:4B Memory consumed:4MB [] []
[2018-06-29 18:55:48] general.INFO: /catalog/120717 Generation time:0.02336311340332 [] []
[2018-06-29 18:55:48] general.INFO: Cache size:58.06kB Cache items read size:19 Cache write size:4B Memory consumed:4MB [] []
[2018-06-29 18:56:38] general.INFO: /catalog/120717 Generation time:0.038058042526245 [] []
[2018-06-29 18:56:38] general.INFO: Cache size:34.35kB Cache items read size:8 Cache write size:47.71kB Memory consumed:4MB [] []
[2018-06-29 18:57:54] general.INFO: /catalog/120717 Generation time:0.025961875915527 [] []
[2018-06-29 18:57:54] general.INFO: Cache size:58.06kB Cache items read size:19 Cache write size:4B Memory consumed:4MB [] []
[2018-06-29 19:01:16] general.INFO: /catalog/120717 Generation time:0.023876905441284 [] []
[2018-06-29 19:01:16] general.INFO: Cache size:58.06kB Cache items read size:19 Cache write size:4B Memory consumed:4MB [] []
[2018-06-29 19:02:01] general.INFO: /catalog/120717 Generation time:0.027288913726807 [] []
[2018-06-29 19:02:01] general.INFO: Cache size:58.06kB Cache items read size:19 Cache write size:4B Memory consumed:4MB [] []
[2018-06-29 19:02:31] general.INFO: /catalog/120717 Generation time:0.022447109222412 [] []
[2018-06-29 19:02:31] general.INFO: Cache size:58.06kB Cache items read size:19 Cache write size:4B Memory consumed:4MB [] []
[2018-06-29 19:02:59] general.INFO: /catalog/120717 Generation time:0.026480913162231 [] []
[2018-06-29 19:02:59] general.INFO: Cache size:58.06kB Cache items read size:19 Cache write size:4B Memory consumed:4MB [] []
[2018-06-29 19:04:04] general.INFO: /catalog/120717 Generation time:0.027529001235962 [] []
[2018-06-29 19:04:04] general.INFO: Cache size:58.06kB Cache items read size:19 Cache write size:4B Memory consumed:4MB [] []
[2018-06-29 19:05:32] general.INFO: /catalog/120717 Generation time:0.0225830078125 [] []
[2018-06-29 19:05:32] general.INFO: Cache size:58.06kB Cache items read size:19 Cache write size:4B Memory consumed:4MB [] []
[2018-06-29 19:06:03] general.INFO: /catalog/120717 Generation time:0.025527000427246 [] []
[2018-06-29 19:06:03] general.INFO: Cache size:58.06kB Cache items read size:19 Cache write size:4B Memory consumed:4MB [] []
[2018-06-29 19:09:55] general.INFO: /catalog Generation time:0.045611143112183 [] []
[2018-06-29 19:09:55] general.INFO: Cache size:135.57kB Cache items read size:31 Cache write size:0B Memory consumed:4MB [] []
[2018-06-29 19:09:56] general.INFO: /catalog Generation time:0.020172119140625 [] []
[2018-06-29 19:09:56] general.INFO: Cache size:135.57kB Cache items read size:31 Cache write size:0B Memory consumed:4MB [] []
[2018-06-29 19:10:04] general.INFO: /catalog/120717 Generation time:0.020970821380615 [] []
[2018-06-29 19:10:04] general.INFO: Cache size:58.06kB Cache items read size:19 Cache write size:4B Memory consumed:4MB [] []
[2018-06-29 19:13:05] general.INFO: /catalog Generation time:0.054236888885498 [] []
[2018-06-29 19:13:05] general.INFO: Cache size:148.89kB Cache items read size:35 Cache write size:128.54kB Memory consumed:4MB [] []
[2018-06-29 19:13:07] general.INFO: /catalog/120717 Generation time:0.017712116241455 [] []
[2018-06-29 19:13:07] general.INFO: Cache size:58.06kB Cache items read size:19 Cache write size:4B Memory consumed:4MB [] []
[2018-06-29 19:21:40] general.INFO: / Generation time:0.023488998413086 [] []
[2018-06-29 19:21:40] general.INFO: Cache size:1.15kB Cache items read size:3 Cache write size:2.21kB Memory consumed:2MB [] []
[2018-06-29 19:38:01] general.INFO: /catalog Generation time:0.035704851150513 [] []
[2018-06-29 19:38:01] general.INFO: Cache size:135.57kB Cache items read size:31 Cache write size:0B Memory consumed:4MB [] []
[2018-06-29 19:38:01] general.INFO: /catalog Generation time:0.022624969482422 [] []
[2018-06-29 19:38:01] general.INFO: Cache size:135.57kB Cache items read size:31 Cache write size:0B Memory consumed:4MB [] []
[2018-06-29 19:38:04] general.INFO: /catalog/120717 Generation time:0.019004106521606 [] []
[2018-06-29 19:38:04] general.INFO: Cache size:58.06kB Cache items read size:19 Cache write size:4B Memory consumed:4MB [] []
[2018-06-29 21:31:53] general.INFO: /catalog/ Generation time:0.070921182632446 [] []
[2018-06-29 21:31:53] general.INFO: Cache size:133.24kB Cache items read size:30 Cache write size:163.76kB Memory consumed:4MB [] []
[2018-06-29 21:31:55] general.INFO: /catalog/ Generation time:0.020228147506714 [] []
[2018-06-29 21:31:55] general.INFO: Cache size:138.63kB Cache items read size:33 Cache write size:0B Memory consumed:4MB [] []
[2018-06-29 21:32:15] general.INFO: /catalog/120717 Generation time:0.026519060134888 [] []
[2018-06-29 21:32:15] general.INFO: Cache size:53.61kB Cache items read size:17 Cache write size:13.94kB Memory consumed:4MB [] []
[2018-06-29 21:35:52] general.INFO: / Generation time:0.02215313911438 [] []
[2018-06-29 21:35:52] general.INFO: Cache size:1.15kB Cache items read size:3 Cache write size:2.21kB Memory consumed:2MB [] []
